<MIFFile 6.00> # Generated by FrameMaker+SGML 6.0p405
# Options:
#    Paragraph Text
#    Paragraph Tags
#    Paragraph Formats
#    Font Information
#    Markers
#    Anchored Frames
#    Tables
#    Graphics and TextRect Layout
#    Master Page Items
#    Condition Catalog
#    Table Catalogs
#    Font Catalog
#    Paragraph Catalog
#    Document Template
#    Document Dictionary
#    Variables
#    Element Definitions
#    Elements
#    Format Change Lists
#
<Units Upt>
<CharUnits CUpt>
<ColorCatalog 
 <Color 
  <ColorTag `Black'>
  <ColorCyan  0.000000>
  <ColorMagenta  0.000000>
  <ColorYellow  0.000000>
  <ColorBlack  100.000000>
  <ColorAttribute ColorIsBlack>
  <ColorAttribute ColorIsReserved>
 > # end of Color
 <Color 
  <ColorTag `White'>
  <ColorCyan  0.000000>
  <ColorMagenta  0.000000>
  <ColorYellow  0.000000>
  <ColorBlack  0.000000>
  <ColorAttribute ColorIsWhite>
  <ColorAttribute ColorIsReserved>
 > # end of Color
 <Color 
  <ColorTag `Red'>
  <ColorCyan  0.000000>
  <ColorMagenta  100.000000>
  <ColorYellow  100.000000>
  <ColorBlack  0.000000>
  <ColorAttribute ColorIsRed>
  <ColorAttribute ColorIsReserved>
 > # end of Color
 <Color 
  <ColorTag `Green'>
  <ColorCyan  100.000000>
  <ColorMagenta  0.000000>
  <ColorYellow  100.000000>
  <ColorBlack  0.000000>
  <ColorAttribute ColorIsGreen>
  <ColorAttribute ColorIsReserved>
 > # end of Color
 <Color 
  <ColorTag `Blue'>
  <ColorCyan  100.000000>
  <ColorMagenta  100.000000>
  <ColorYellow  0.000000>
  <ColorBlack  0.000000>
  <ColorAttribute ColorIsBlue>
  <ColorAttribute ColorIsReserved>
 > # end of Color
 <Color 
  <ColorTag `Cyan'>
  <ColorCyan  100.000000>
  <ColorMagenta  0.000000>
  <ColorYellow  0.000000>
  <ColorBlack  0.000000>
  <ColorAttribute ColorIsCyan>
  <ColorAttribute ColorIsReserved>
 > # end of Color
 <Color 
  <ColorTag `Magenta'>
  <ColorCyan  0.000000>
  <ColorMagenta  100.000000>
  <ColorYellow  0.000000>
  <ColorBlack  0.000000>
  <ColorAttribute ColorIsMagenta>
  <ColorAttribute ColorIsReserved>
 > # end of Color
 <Color 
  <ColorTag `Yellow'>
  <ColorCyan  0.000000>
  <ColorMagenta  0.000000>
  <ColorYellow  100.000000>
  <ColorBlack  0.000000>
  <ColorAttribute ColorIsYellow>
  <ColorAttribute ColorIsReserved>
 > # end of Color
> # end of ColorCatalog
<ConditionCatalog 
 <Condition 
  <CTag `Builder'>
  <CState CShown>
  <CStyle CUnderline>
  <CSeparation 4>
  <CColor `Blue'>
 > # end of Condition
 <Condition 
  <CTag `X'>
  <CState CShown>
  <CStyle COverline>
  <CSeparation 3>
  <CColor `Green'>
 > # end of Condition
> # end of ConditionCatalog
<CombinedFontCatalog 
> # end of CombinedFontCatalog
<PgfCatalog 
 <Pgf 
  <PgfTag `blue'>
  <PgfUseNextTag No>
  <PgfNextTag `'>
  <PgfAlignment Left>
  <PgfFIndent  35.0 pt>
  <PgfLIndent  35.0 pt>
  <PgfRIndent  0.0 pt>
  <PgfFIndentRelative No>
  <PgfFIndentOffset  0.0 pt>
  <PgfTopSeparator `'>
  <PgfTopSepAtIndent No>
  <PgfTopSepOffset  0.0 pt>
  <PgfBotSeparator `'>
  <PgfBotSepAtIndent No>
  <PgfBotSepOffset  0.0 pt>
  <PgfPlacement Anywhere>
  <PgfPlacementStyle Normal>
  <PgfRunInDefaultPunct `'>
  <PgfSpBefore  0.0 pt>
  <PgfSpAfter  0.0 pt>
  <PgfWithPrev Yes>
  <PgfWithNext No>
  <PgfBlockSize 2>
  <PgfFont 
   <FTag `'>
   <FPlatformName `W.Trebuchet MS.R.400'>
   <FFamily `Trebuchet MS'>
   <FVar `Regular'>
   <FWeight `Regular'>
   <FAngle `Regular'>
   <FEncoding `FrameRoman'>
   <FSize  10.0 pt>
   <FUnderlining FNoUnderlining>
   <FOverline No>
   <FStrike No>
   <FChangeBar No>
   <FOutline No>
   <FShadow No>
   <FPairKern Yes>
   <FTsume No>
   <FCase FAsTyped>
   <FPosition FNormal>
   <FDX  0.0%>
   <FDY  0.0%>
   <FDW  0.0%>
   <FStretch  100.0%>
   <FLanguage USEnglish>
   <FLocked No>
   <FSeparation 4>
   <FColor `Blue'>
  > # end of PgfFont
  <PgfLineSpacing Fixed>
  <PgfLeading  2.0 pt>
  <PgfAutoNum No>
  <PgfNumTabs 1>
  <TabStop 
   <TSX  93.5 pt>
   <TSType Left>
   <TSLeaderStr ` '>
  > # end of TabStop
  <PgfHyphenate Yes>
  <HyphenMaxLines 2>
  <HyphenMinPrefix 3>
  <HyphenMinSuffix 3>
  <HyphenMinWord 5>
  <PgfLetterSpace No>
  <PgfMinWordSpace 90>
  <PgfOptWordSpace 100>
  <PgfMaxWordSpace 110>
  <PgfMinJRomanLetterSpace 0>
  <PgfOptJRomanLetterSpace 25>
  <PgfMaxJRomanLetterSpace 50>
  <PgfMinJLetterSpace 0>
  <PgfOptJLetterSpace 0>
  <PgfMaxJLetterSpace 10>
  <PgfYakumonoType Floating>
  <PgfPDFStructureLevel 7>
  <PgfLanguage USEnglish>
  <PgfCellAlignment Top>
  <PgfCellMargins  0.0 pt 0.0 pt 0.0 pt 0.0 pt>
  <PgfCellLMarginFixed No>
  <PgfCellTMarginFixed No>
  <PgfCellRMarginFixed No>
  <PgfCellBMarginFixed No>
  <PgfLocked No>
 > # end of Pgf
 <Pgf 
  <PgfTag `Body'>
  <PgfUseNextTag Yes>
  <PgfNextTag `Body'>
  <PgfAlignment Left>
  <PgfFIndent  35.0 pt>
  <PgfLIndent  35.0 pt>
  <PgfRIndent  0.0 pt>
  <PgfFIndentRelative No>
  <PgfFIndentOffset  0.0 pt>
  <PgfTopSeparator `'>
  <PgfTopSepAtIndent No>
  <PgfTopSepOffset  0.0 pt>
  <PgfBotSeparator `'>
  <PgfBotSepAtIndent No>
  <PgfBotSepOffset  0.0 pt>
  <PgfPlacement Anywhere>
  <PgfPlacementStyle Normal>
  <PgfRunInDefaultPunct `. '>
  <PgfSpBefore  0.0 pt>
  <PgfSpAfter  0.0 pt>
  <PgfWithPrev No>
  <PgfWithNext No>
  <PgfBlockSize 2>
  <PgfFont 
   <FTag `'>
   <FPlatformName `W.Trebuchet MS.R.400'>
   <FFamily `Trebuchet MS'>
   <FVar `Regular'>
   <FWeight `Regular'>
   <FAngle `Regular'>
   <FEncoding `FrameRoman'>
   <FSize  10.0 pt>
   <FUnderlining FNoUnderlining>
   <FOverline No>
   <FStrike No>
   <FChangeBar No>
   <FOutline No>
   <FShadow No>
   <FPairKern No>
   <FTsume No>
   <FCase FAsTyped>
   <FPosition FNormal>
   <FDX  0.0%>
   <FDY  0.0%>
   <FDW  0.0%>
   <FStretch  100.0%>
   <FLanguage USEnglish>
   <FLocked No>
   <FSeparation 0>
   <FColor `Black'>
  > # end of PgfFont
  <PgfLineSpacing Fixed>
  <PgfLeading  2.0 pt>
  <PgfAutoNum No>
  <PgfNumTabs 1>
  <TabStop 
   <TSX  201.5004 pt>
   <TSType Left>
   <TSLeaderStr ` '>
  > # end of TabStop
  <PgfHyphenate Yes>
  <HyphenMaxLines 2>
  <HyphenMinPrefix 2>
  <HyphenMinSuffix 2>
  <HyphenMinWord 5>
  <PgfLetterSpace No>
  <PgfMinWordSpace 75>
  <PgfOptWordSpace 100>
  <PgfMaxWordSpace 125>
  <PgfMinJRomanLetterSpace 0>
  <PgfOptJRomanLetterSpace 25>
  <PgfMaxJRomanLetterSpace 50>
  <PgfMinJLetterSpace 0>
  <PgfOptJLetterSpace 0>
  <PgfMaxJLetterSpace 10>
  <PgfYakumonoType Floating>
  <PgfPDFStructureLevel 7>
  <PgfLanguage USEnglish>
  <PgfCellAlignment Top>
  <PgfCellMargins  0.0 pt 0.0 pt 0.0 pt 0.0 pt>
  <PgfCellLMarginFixed No>
  <PgfCellTMarginFixed No>
  <PgfCellRMarginFixed No>
  <PgfCellBMarginFixed No>
  <PgfLocked No>
 > # end of Pgf
 <Pgf 
  <PgfTag `CenterTab'>
  <PgfUseNextTag Yes>
  <PgfNextTag `Body'>
  <PgfAlignment Left>
  <PgfFIndent  35.0 pt>
  <PgfLIndent  35.0 pt>
  <PgfRIndent  0.0 pt>
  <PgfFIndentRelative No>
  <PgfFIndentOffset  0.0 pt>
  <PgfTopSeparator `'>
  <PgfTopSepAtIndent No>
  <PgfTopSepOffset  0.0 pt>
  <PgfBotSeparator `'>
  <PgfBotSepAtIndent No>
  <PgfBotSepOffset  0.0 pt>
  <PgfPlacement Anywhere>
  <PgfPlacementStyle Normal>
  <PgfRunInDefaultPunct `. '>
  <PgfSpBefore  0.0 pt>
  <PgfSpAfter  0.0 pt>
  <PgfWithPrev Yes>
  <PgfWithNext No>
  <PgfBlockSize 2>
  <PgfFont 
   <FTag `'>
   <FPlatformName `W.Trebuchet MS.R.400'>
   <FFamily `Trebuchet MS'>
   <FVar `Regular'>
   <FWeight `Regular'>
   <FAngle `Regular'>
   <FEncoding `FrameRoman'>
   <FSize  10.0 pt>
   <FUnderlining FNoUnderlining>
   <FOverline No>
   <FStrike No>
   <FChangeBar No>
   <FOutline No>
   <FShadow No>
   <FPairKern No>
   <FTsume No>
   <FCase FAsTyped>
   <FPosition FNormal>
   <FDX  0.0%>
   <FDY  0.0%>
   <FDW  0.0%>
   <FStretch  100.0%>
   <FLanguage USEnglish>
   <FLocked No>
   <FSeparation 0>
   <FColor `Black'>
  > # end of PgfFont
  <PgfLineSpacing Fixed>
  <PgfLeading  2.0 pt>
  <PgfAutoNum No>
  <PgfNumTabs 2>
  <TabStop 
   <TSX  183.5 pt>
   <TSType Center>
   <TSLeaderStr ` '>
  > # end of TabStop
  <TabStop 
   <TSX  326.5 pt>
   <TSType Center>
   <TSLeaderStr ` '>
  > # end of TabStop
  <PgfHyphenate Yes>
  <HyphenMaxLines 2>
  <HyphenMinPrefix 2>
  <HyphenMinSuffix 2>
  <HyphenMinWord 5>
  <PgfLetterSpace No>
  <PgfMinWordSpace 75>
  <PgfOptWordSpace 100>
  <PgfMaxWordSpace 125>
  <PgfMinJRomanLetterSpace 0>
  <PgfOptJRomanLetterSpace 25>
  <PgfMaxJRomanLetterSpace 50>
  <PgfMinJLetterSpace 0>
  <PgfOptJLetterSpace 0>
  <PgfMaxJLetterSpace 10>
  <PgfYakumonoType Floating>
  <PgfPDFStructureLevel 0>
  <PgfLanguage USEnglish>
  <PgfCellAlignment Top>
  <PgfCellMargins  0.0 pt 0.0 pt 0.0 pt 0.0 pt>
  <PgfCellLMarginFixed No>
  <PgfCellTMarginFixed No>
  <PgfCellRMarginFixed No>
  <PgfCellBMarginFixed No>
  <PgfLocked No>
 > # end of Pgf
 <Pgf 
  <PgfTag `CenterTabBold'>
  <PgfUseNextTag Yes>
  <PgfNextTag `Body'>
  <PgfAlignment Left>
  <PgfFIndent  35.0 pt>
  <PgfLIndent  35.0 pt>
  <PgfRIndent  0.0 pt>
  <PgfFIndentRelative No>
  <PgfFIndentOffset  0.0 pt>
  <PgfTopSeparator `'>
  <PgfTopSepAtIndent No>
  <PgfTopSepOffset  0.0 pt>
  <PgfBotSeparator `'>
  <PgfBotSepAtIndent No>
  <PgfBotSepOffset  0.0 pt>
  <PgfPlacement Anywhere>
  <PgfPlacementStyle Normal>
  <PgfRunInDefaultPunct `. '>
  <PgfSpBefore  0.0 pt>
  <PgfSpAfter  3.0 pt>
  <PgfWithPrev Yes>
  <PgfWithNext No>
  <PgfBlockSize 2>
  <PgfFont 
   <FTag `'>
   <FPlatformName `W.Trebuchet MS.R.400'>
   <FFamily `Trebuchet MS'>
   <FVar `Regular'>
   <FWeight `Regular'>
   <FAngle `Regular'>
   <FEncoding `FrameRoman'>
   <FSize  11.0 pt>
   <FUnderlining FSingle>
   <FOverline No>
   <FStrike No>
   <FChangeBar No>
   <FOutline No>
   <FShadow No>
   <FPairKern No>
   <FTsume No>
   <FCase FAsTyped>
   <FPosition FNormal>
   <FDX  0.0%>
   <FDY  0.0%>
   <FDW  0.0%>
   <FStretch  100.0%>
   <FLanguage USEnglish>
   <FLocked No>
   <FSeparation 0>
   <FColor `Black'>
  > # end of PgfFont
  <PgfLineSpacing Fixed>
  <PgfLeading  2.0 pt>
  <PgfAutoNum No>
  <PgfNumTabs 2>
  <TabStop 
   <TSX  183.5 pt>
   <TSType Center>
   <TSLeaderStr ` '>
  > # end of TabStop
  <TabStop 
   <TSX  326.5 pt>
   <TSType Center>
   <TSLeaderStr ` '>
  > # end of TabStop
  <PgfHyphenate Yes>
  <HyphenMaxLines 2>
  <HyphenMinPrefix 2>
  <HyphenMinSuffix 2>
  <HyphenMinWord 5>
  <PgfLetterSpace No>
  <PgfMinWordSpace 75>
  <PgfOptWordSpace 100>
  <PgfMaxWordSpace 125>
  <PgfMinJRomanLetterSpace 0>
  <PgfOptJRomanLetterSpace 25>
  <PgfMaxJRomanLetterSpace 50>
  <PgfMinJLetterSpace 0>
  <PgfOptJLetterSpace 0>
  <PgfMaxJLetterSpace 10>
  <PgfYakumonoType Floating>
  <PgfPDFStructureLevel 0>
  <PgfLanguage USEnglish>
  <PgfCellAlignment Top>
  <PgfCellMargins  0.0 pt 0.0 pt 0.0 pt 0.0 pt>
  <PgfCellLMarginFixed No>
  <PgfCellTMarginFixed No>
  <PgfCellRMarginFixed No>
  <PgfCellBMarginFixed No>
  <PgfLocked No>
 > # end of Pgf
 <Pgf 
  <PgfTag `empty'>
  <PgfUseNextTag Yes>
  <PgfNextTag `Body'>
  <PgfAlignment Left>
  <PgfFIndent  35.0 pt>
  <PgfLIndent  35.0 pt>
  <PgfRIndent  0.0 pt>
  <PgfFIndentRelative No>
  <PgfFIndentOffset  0.0 pt>
  <PgfTopSeparator `'>
  <PgfTopSepAtIndent No>
  <PgfTopSepOffset  0.0 pt>
  <PgfBotSeparator `'>
  <PgfBotSepAtIndent No>
  <PgfBotSepOffset  0.0 pt>
  <PgfPlacement Anywhere>
  <PgfPlacementStyle Normal>
  <PgfRunInDefaultPunct `. '>
  <PgfSpBefore  0.0 pt>
  <PgfSpAfter  0.0 pt>
  <PgfWithPrev No>
  <PgfWithNext No>
  <PgfBlockSize 2>
  <PgfFont 
   <FTag `'>
   <FPlatformName `W.Trebuchet MS.R.400'>
   <FFamily `Trebuchet MS'>
   <FVar `Regular'>
   <FWeight `Regular'>
   <FAngle `Regular'>
   <FEncoding `FrameRoman'>
   <FSize  2.0 pt>
   <FUnderlining FNoUnderlining>
   <FOverline No>
   <FStrike No>
   <FChangeBar No>
   <FOutline No>
   <FShadow No>
   <FPairKern No>
   <FTsume No>
   <FCase FAsTyped>
   <FPosition FNormal>
   <FDX  0.0%>
   <FDY  0.0%>
   <FDW  0.0%>
   <FStretch  100.0%>
   <FLanguage USEnglish>
   <FLocked No>
   <FSeparation 0>
   <FColor `Black'>
  > # end of PgfFont
  <PgfLineSpacing Fixed>
  <PgfLeading  1.0 pt>
  <PgfAutoNum No>
  <PgfNumTabs 1>
  <TabStop 
   <TSX  93.5 pt>
   <TSType Left>
   <TSLeaderStr ` '>
  > # end of TabStop
  <PgfHyphenate Yes>
  <HyphenMaxLines 2>
  <HyphenMinPrefix 2>
  <HyphenMinSuffix 2>
  <HyphenMinWord 5>
  <PgfLetterSpace No>
  <PgfMinWordSpace 75>
  <PgfOptWordSpace 100>
  <PgfMaxWordSpace 125>
  <PgfMinJRomanLetterSpace 0>
  <PgfOptJRomanLetterSpace 25>
  <PgfMaxJRomanLetterSpace 50>
  <PgfMinJLetterSpace 0>
  <PgfOptJLetterSpace 0>
  <PgfMaxJLetterSpace 10>
  <PgfYakumonoType Floating>
  <PgfPDFStructureLevel 0>
  <PgfLanguage USEnglish>
  <PgfCellAlignment Top>
  <PgfCellMargins  0.0 pt 0.0 pt 0.0 pt 0.0 pt>
  <PgfCellLMarginFixed No>
  <PgfCellTMarginFixed No>
  <PgfCellRMarginFixed No>
  <PgfCellBMarginFixed No>
  <PgfLocked No>
 > # end of Pgf
 <Pgf 
  <PgfTag `InsetUpdate'>
  <PgfUseNextTag Yes>
  <PgfNextTag `Body'>
  <PgfAlignment Left>
  <PgfFIndent  35.0 pt>
  <PgfLIndent  35.0 pt>
  <PgfRIndent  0.0 pt>
  <PgfFIndentRelative No>
  <PgfFIndentOffset  0.0 pt>
  <PgfTopSeparator `Single Line'>
  <PgfTopSepAtIndent No>
  <PgfTopSepOffset  0.0 pt>
  <PgfBotSeparator `'>
  <PgfBotSepAtIndent No>
  <PgfBotSepOffset  0.0 pt>
  <PgfPlacement Anywhere>
  <PgfPlacementStyle Normal>
  <PgfRunInDefaultPunct `. '>
  <PgfSpBefore  12.0 pt>
  <PgfSpAfter  2.0 pt>
  <PgfWithPrev No>
  <PgfWithNext No>
  <PgfBlockSize 1>
  <PgfFont 
   <FTag `'>
   <FPlatformName `W.Arial.R.700'>
   <FFamily `Arial'>
   <FVar `Regular'>
   <FWeight `Bold'>
   <FAngle `Regular'>
   <FEncoding `FrameRoman'>
   <FSize  12.0 pt>
   <FUnderlining FNoUnderlining>
   <FOverline No>
   <FStrike No>
   <FChangeBar No>
   <FOutline No>
   <FShadow No>
   <FPairKern No>
   <FTsume No>
   <FCase FAsTyped>
   <FPosition FNormal>
   <FDX  0.0%>
   <FDY  0.0%>
   <FDW  0.0%>
   <FStretch  100.0%>
   <FLanguage USEnglish>
   <FLocked No>
   <FSeparation 0>
   <FColor `Black'>
  > # end of PgfFont
  <PgfLineSpacing Fixed>
  <PgfLeading  2.0 pt>
  <PgfAutoNum Yes>
  <PgfNumFormat `Inset #<n+\>'>
  <PgfNumberFont `'>
  <PgfNumAtEnd No>
  <PgfNumTabs 2>
  <TabStop 
   <TSX  40.0 pt>
   <TSType Left>
   <TSLeaderStr ` '>
  > # end of TabStop
  <TabStop 
   <TSX  80.0 pt>
   <TSType Left>
   <TSLeaderStr ` '>
  > # end of TabStop
  <PgfHyphenate Yes>
  <HyphenMaxLines 2>
  <HyphenMinPrefix 2>
  <HyphenMinSuffix 2>
  <HyphenMinWord 5>
  <PgfLetterSpace No>
  <PgfMinWordSpace 75>
  <PgfOptWordSpace 100>
  <PgfMaxWordSpace 125>
  <PgfMinJRomanLetterSpace 0>
  <PgfOptJRomanLetterSpace 25>
  <PgfMaxJRomanLetterSpace 50>
  <PgfMinJLetterSpace 0>
  <PgfOptJLetterSpace 0>
  <PgfMaxJLetterSpace 10>
  <PgfYakumonoType Floating>
  <PgfPDFStructureLevel 2>
  <PgfLanguage USEnglish>
  <PgfCellAlignment Top>
  <PgfCellMargins  0.0 pt 0.0 pt 0.0 pt 0.0 pt>
  <PgfCellLMarginFixed No>
  <PgfCellTMarginFixed No>
  <PgfCellRMarginFixed No>
  <PgfCellBMarginFixed No>
  <PgfLocked No>
 > # end of Pgf
 <Pgf 
  <PgfTag `PageNum'>
  <PgfUseNextTag No>
  <PgfNextTag `'>
  <PgfAlignment Left>
  <PgfFIndent  0.0 pt>
  <PgfLIndent  0.0 pt>
  <PgfRIndent  0.0 pt>
  <PgfFIndentRelative No>
  <PgfFIndentOffset  0.0 pt>
  <PgfTopSeparator `'>
  <PgfTopSepAtIndent No>
  <PgfTopSepOffset  0.0 pt>
  <PgfBotSeparator `'>
  <PgfBotSepAtIndent No>
  <PgfBotSepOffset  0.0 pt>
  <PgfPlacement Anywhere>
  <PgfPlacementStyle Normal>
  <PgfRunInDefaultPunct `. '>
  <PgfSpBefore  0.0 pt>
  <PgfSpAfter  0.0 pt>
  <PgfWithPrev No>
  <PgfWithNext No>
  <PgfBlockSize 2>
  <PgfFont 
   <FTag `'>
   <FPlatformName `W.Arial.R.700'>
   <FFamily `Arial'>
   <FVar `Regular'>
   <FWeight `Bold'>
   <FAngle `Regular'>
   <FEncoding `FrameRoman'>
   <FSize  12.0 pt>
   <FUnderlining FNoUnderlining>
   <FOverline No>
   <FStrike No>
   <FChangeBar No>
   <FOutline No>
   <FShadow No>
   <FPairKern No>
   <FTsume No>
   <FCase FAsTyped>
   <FPosition FNormal>
   <FDX  0.0%>
   <FDY  0.0%>
   <FDW  0.0%>
   <FStretch  100.0%>
   <FLanguage USEnglish>
   <FLocked No>
   <FSeparation 1>
   <FColor `White'>
  > # end of PgfFont
  <PgfLineSpacing Fixed>
  <PgfLeading  2.0 pt>
  <PgfAutoNum No>
  <PgfNumTabs 0>
  <PgfHyphenate Yes>
  <HyphenMaxLines 2>
  <HyphenMinPrefix 2>
  <HyphenMinSuffix 2>
  <HyphenMinWord 5>
  <PgfLetterSpace No>
  <PgfMinWordSpace 75>
  <PgfOptWordSpace 100>
  <PgfMaxWordSpace 125>
  <PgfMinJRomanLetterSpace 0>
  <PgfOptJRomanLetterSpace 25>
  <PgfMaxJRomanLetterSpace 50>
  <PgfMinJLetterSpace 0>
  <PgfOptJLetterSpace 0>
  <PgfMaxJLetterSpace 10>
  <PgfYakumonoType Floating>
  <PgfPDFStructureLevel 7>
  <PgfLanguage USEnglish>
  <PgfCellAlignment Top>
  <PgfCellMargins  0.0 pt 0.0 pt 0.0 pt 0.0 pt>
  <PgfCellLMarginFixed No>
  <PgfCellTMarginFixed No>
  <PgfCellRMarginFixed No>
  <PgfCellBMarginFixed No>
  <PgfLocked No>
 > # end of Pgf
 <Pgf 
  <PgfTag `red'>
  <PgfUseNextTag No>
  <PgfNextTag `'>
  <PgfAlignment Left>
  <PgfFIndent  35.0 pt>
  <PgfLIndent  35.0 pt>
  <PgfRIndent  0.0 pt>
  <PgfFIndentRelative No>
  <PgfFIndentOffset  0.0 pt>
  <PgfTopSeparator `'>
  <PgfTopSepAtIndent No>
  <PgfTopSepOffset  0.0 pt>
  <PgfBotSeparator `'>
  <PgfBotSepAtIndent No>
  <PgfBotSepOffset  0.0 pt>
  <PgfPlacement Anywhere>
  <PgfPlacementStyle Normal>
  <PgfRunInDefaultPunct `'>
  <PgfSpBefore  0.0 pt>
  <PgfSpAfter  0.0 pt>
  <PgfWithPrev Yes>
  <PgfWithNext No>
  <PgfBlockSize 2>
  <PgfFont 
   <FTag `'>
   <FPlatformName `W.Trebuchet MS.R.400'>
   <FFamily `Trebuchet MS'>
   <FVar `Regular'>
   <FWeight `Regular'>
   <FAngle `Regular'>
   <FEncoding `FrameRoman'>
   <FSize  10.0 pt>
   <FUnderlining FNoUnderlining>
   <FOverline No>
   <FStrike No>
   <FChangeBar No>
   <FOutline No>
   <FShadow No>
   <FPairKern Yes>
   <FTsume No>
   <FCase FAsTyped>
   <FPosition FNormal>
   <FDX  0.0%>
   <FDY  0.0%>
   <FDW  0.0%>
   <FStretch  100.0%>
   <FLanguage USEnglish>
   <FLocked No>
   <FSeparation 2>
   <FColor `Red'>
  > # end of PgfFont
  <PgfLineSpacing Fixed>
  <PgfLeading  2.0 pt>
  <PgfAutoNum No>
  <PgfNumTabs 0>
  <PgfHyphenate Yes>
  <HyphenMaxLines 2>
  <HyphenMinPrefix 3>
  <HyphenMinSuffix 3>
  <HyphenMinWord 5>
  <PgfLetterSpace No>
  <PgfMinWordSpace 90>
  <PgfOptWordSpace 100>
  <PgfMaxWordSpace 110>
  <PgfMinJRomanLetterSpace 0>
  <PgfOptJRomanLetterSpace 25>
  <PgfMaxJRomanLetterSpace 50>
  <PgfMinJLetterSpace 0>
  <PgfOptJLetterSpace 0>
  <PgfMaxJLetterSpace 10>
  <PgfYakumonoType Floating>
  <PgfPDFStructureLevel 7>
  <PgfLanguage USEnglish>
  <PgfCellAlignment Top>
  <PgfCellMargins  0.0 pt 0.0 pt 0.0 pt 0.0 pt>
  <PgfCellLMarginFixed No>
  <PgfCellTMarginFixed No>
  <PgfCellRMarginFixed No>
  <PgfCellBMarginFixed No>
  <PgfLocked No>
 > # end of Pgf
 <Pgf 
  <PgfTag `ReportEnd'>
  <PgfUseNextTag Yes>
  <PgfNextTag `Body'>
  <PgfAlignment Center>
  <PgfFIndent  35.0 pt>
  <PgfLIndent  35.0 pt>
  <PgfRIndent  0.0 pt>
  <PgfFIndentRelative No>
  <PgfFIndentOffset  0.0 pt>
  <PgfTopSeparator `'>
  <PgfTopSepAtIndent No>
  <PgfTopSepOffset  0.0 pt>
  <PgfBotSeparator `'>
  <PgfBotSepAtIndent No>
  <PgfBotSepOffset  0.0 pt>
  <PgfPlacement Anywhere>
  <PgfPlacementStyle Normal>
  <PgfRunInDefaultPunct `. '>
  <PgfSpBefore  16.0 pt>
  <PgfSpAfter  6.0 pt>
  <PgfWithPrev No>
  <PgfWithNext No>
  <PgfBlockSize 1>
  <PgfFont 
   <FTag `'>
   <FPlatformName `W.Arial.R.400'>
   <FFamily `Arial'>
   <FVar `Regular'>
   <FWeight `Regular'>
   <FAngle `Regular'>
   <FEncoding `FrameRoman'>
   <FSize  12.0 pt>
   <FUnderlining FSingle>
   <FOverline No>
   <FStrike No>
   <FChangeBar No>
   <FOutline No>
   <FShadow No>
   <FPairKern No>
   <FTsume No>
   <FCase FAsTyped>
   <FPosition FNormal>
   <FDX  0.0%>
   <FDY  0.0%>
   <FDW  0.0%>
   <FStretch  100.0%>
   <FLanguage USEnglish>
   <FLocked No>
   <FSeparation 0>
   <FColor `Black'>
  > # end of PgfFont
  <PgfLineSpacing Fixed>
  <PgfLeading  2.0 pt>
  <PgfAutoNum No>
  <PgfNumTabs 0>
  <PgfHyphenate Yes>
  <HyphenMaxLines 2>
  <HyphenMinPrefix 2>
  <HyphenMinSuffix 2>
  <HyphenMinWord 5>
  <PgfLetterSpace No>
  <PgfMinWordSpace 75>
  <PgfOptWordSpace 100>
  <PgfMaxWordSpace 125>
  <PgfMinJRomanLetterSpace 0>
  <PgfOptJRomanLetterSpace 25>
  <PgfMaxJRomanLetterSpace 50>
  <PgfMinJLetterSpace 0>
  <PgfOptJLetterSpace 0>
  <PgfMaxJLetterSpace 10>
  <PgfYakumonoType Floating>
  <PgfPDFStructureLevel 1>
  <PgfLanguage USEnglish>
  <PgfCellAlignment Top>
  <PgfCellMargins  0.0 pt 0.0 pt 0.0 pt 0.0 pt>
  <PgfCellLMarginFixed No>
  <PgfCellTMarginFixed No>
  <PgfCellRMarginFixed No>
  <PgfCellBMarginFixed No>
  <PgfLocked No>
 > # end of Pgf
 <Pgf 
  <PgfTag `ReportHead'>
  <PgfUseNextTag Yes>
  <PgfNextTag `Body'>
  <PgfAlignment Left>
  <PgfFIndent  25.0 pt>
  <PgfLIndent  35.0 pt>
  <PgfRIndent  0.0 pt>
  <PgfFIndentRelative No>
  <PgfFIndentOffset  0.0 pt>
  <PgfTopSeparator `'>
  <PgfTopSepAtIndent No>
  <PgfTopSepOffset  0.0 pt>
  <PgfBotSeparator `'>
  <PgfBotSepAtIndent No>
  <PgfBotSepOffset  0.0 pt>
  <PgfPlacement Anywhere>
  <PgfPlacementStyle Normal>
  <PgfRunInDefaultPunct `. '>
  <PgfSpBefore  12.0 pt>
  <PgfSpAfter  4.0 pt>
  <PgfWithPrev No>
  <PgfWithNext No>
  <PgfBlockSize 1>
  <PgfFont 
   <FTag `'>
   <FPlatformName `W.Trebuchet MS.R.700'>
   <FFamily `Trebuchet MS'>
   <FVar `Regular'>
   <FWeight `Bold'>
   <FAngle `Regular'>
   <FEncoding `FrameRoman'>
   <FSize  12.0 pt>
   <FUnderlining FNoUnderlining>
   <FOverline No>
   <FStrike No>
   <FChangeBar No>
   <FOutline No>
   <FShadow No>
   <FPairKern No>
   <FTsume No>
   <FCase FAsTyped>
   <FPosition FNormal>
   <FDX  0.0%>
   <FDY  0.0%>
   <FDW  0.0%>
   <FStretch  100.0%>
   <FLanguage USEnglish>
   <FLocked No>
   <FSeparation 0>
   <FColor `Black'>
  > # end of PgfFont
  <PgfLineSpacing Fixed>
  <PgfLeading  2.0 pt>
  <PgfAutoNum No>
  <PgfNumTabs 2>
  <TabStop 
   <TSX  201.5 pt>
   <TSType Center>
   <TSLeaderStr ` '>
  > # end of TabStop
  <TabStop 
   <TSX  408.2506 pt>
   <TSType Right>
   <TSLeaderStr ` '>
  > # end of TabStop
  <PgfHyphenate Yes>
  <HyphenMaxLines 2>
  <HyphenMinPrefix 2>
  <HyphenMinSuffix 2>
  <HyphenMinWord 5>
  <PgfLetterSpace No>
  <PgfMinWordSpace 75>
  <PgfOptWordSpace 100>
  <PgfMaxWordSpace 125>
  <PgfMinJRomanLetterSpace 0>
  <PgfOptJRomanLetterSpace 25>
  <PgfMaxJRomanLetterSpace 50>
  <PgfMinJLetterSpace 0>
  <PgfOptJLetterSpace 0>
  <PgfMaxJLetterSpace 10>
  <PgfYakumonoType Floating>
  <PgfPDFStructureLevel 3>
  <PgfLanguage USEnglish>
  <PgfCellAlignment Top>
  <PgfCellMargins  0.0 pt 0.0 pt 0.0 pt 0.0 pt>
  <PgfCellLMarginFixed No>
  <PgfCellTMarginFixed No>
  <PgfCellRMarginFixed No>
  <PgfCellBMarginFixed No>
  <PgfLocked No>
 > # end of Pgf
 <Pgf 
  <PgfTag `ReportHead2'>
  <PgfUseNextTag Yes>
  <PgfNextTag `Body'>
  <PgfAlignment Left>
  <PgfFIndent  35.0 pt>
  <PgfLIndent  35.0 pt>
  <PgfRIndent  0.0 pt>
  <PgfFIndentRelative No>
  <PgfFIndentOffset  0.0 pt>
  <PgfTopSeparator `'>
  <PgfTopSepAtIndent No>
  <PgfTopSepOffset  0.0 pt>
  <PgfBotSeparator `'>
  <PgfBotSepAtIndent No>
  <PgfBotSepOffset  0.0 pt>
  <PgfPlacement Anywhere>
  <PgfPlacementStyle Normal>
  <PgfRunInDefaultPunct `. '>
  <PgfSpBefore  8.0 pt>
  <PgfSpAfter  2.0 pt>
  <PgfWithPrev No>
  <PgfWithNext No>
  <PgfBlockSize 1>
  <PgfFont 
   <FTag `'>
   <FPlatformName `W.Arial.R.700'>
   <FFamily `Arial'>
   <FVar `Regular'>
   <FWeight `Bold'>
   <FAngle `Regular'>
   <FEncoding `FrameRoman'>
   <FSize  11.0 pt>
   <FUnderlining FNoUnderlining>
   <FOverline No>
   <FStrike No>
   <FChangeBar No>
   <FOutline No>
   <FShadow No>
   <FPairKern No>
   <FTsume No>
   <FCase FAsTyped>
   <FPosition FNormal>
   <FDX  0.0%>
   <FDY  0.0%>
   <FDW  0.0%>
   <FStretch  100.0%>
   <FLanguage USEnglish>
   <FLocked No>
   <FSeparation 0>
   <FColor `Black'>
  > # end of PgfFont
  <PgfLineSpacing Fixed>
  <PgfLeading  2.0 pt>
  <PgfAutoNum No>
  <PgfNumTabs 1>
  <TabStop 
   <TSX  201.5 pt>
   <TSType Center>
   <TSLeaderStr ` '>
  > # end of TabStop
  <PgfHyphenate Yes>
  <HyphenMaxLines 2>
  <HyphenMinPrefix 2>
  <HyphenMinSuffix 2>
  <HyphenMinWord 5>
  <PgfLetterSpace No>
  <PgfMinWordSpace 75>
  <PgfOptWordSpace 100>
  <PgfMaxWordSpace 125>
  <PgfMinJRomanLetterSpace 0>
  <PgfOptJRomanLetterSpace 25>
  <PgfMaxJRomanLetterSpace 50>
  <PgfMinJLetterSpace 0>
  <PgfOptJLetterSpace 0>
  <PgfMaxJLetterSpace 10>
  <PgfYakumonoType Floating>
  <PgfPDFStructureLevel 4>
  <PgfLanguage USEnglish>
  <PgfCellAlignment Top>
  <PgfCellMargins  0.0 pt 0.0 pt 0.0 pt 0.0 pt>
  <PgfCellLMarginFixed No>
  <PgfCellTMarginFixed No>
  <PgfCellRMarginFixed No>
  <PgfCellBMarginFixed No>
  <PgfLocked No>
 > # end of Pgf
 <Pgf 
  <PgfTag `ReportSource'>
  <PgfUseNextTag Yes>
  <PgfNextTag `Body'>
  <PgfAlignment Left>
  <PgfFIndent  0.0 pt>
  <PgfLIndent  35.0 pt>
  <PgfRIndent  0.0 pt>
  <PgfFIndentRelative No>
  <PgfFIndentOffset  0.0 pt>
  <PgfTopSeparator `'>
  <PgfTopSepAtIndent No>
  <PgfTopSepOffset  0.0 pt>
  <PgfBotSeparator `'>
  <PgfBotSepAtIndent No>
  <PgfBotSepOffset  0.0 pt>
  <PgfPlacement Anywhere>
  <PgfPlacementStyle Normal>
  <PgfRunInDefaultPunct `. '>
  <PgfSpBefore  0.0 pt>
  <PgfSpAfter  0.0 pt>
  <PgfWithPrev No>
  <PgfWithNext No>
  <PgfBlockSize 1>
  <PgfFont 
   <FTag `'>
   <FPlatformName `W.Arial.R.400'>
   <FFamily `Arial'>
   <FVar `Regular'>
   <FWeight `Regular'>
   <FAngle `Regular'>
   <FEncoding `FrameRoman'>
   <FSize  12.0 pt>
   <FUnderlining FNoUnderlining>
   <FOverline No>
   <FStrike No>
   <FChangeBar No>
   <FOutline No>
   <FShadow No>
   <FPairKern No>
   <FTsume No>
   <FCase FAsTyped>
   <FPosition FNormal>
   <FDX  0.0%>
   <FDY  0.0%>
   <FDW  0.0%>
   <FStretch  100.0%>
   <FLanguage USEnglish>
   <FLocked No>
   <FSeparation 0>
   <FColor `Black'>
  > # end of PgfFont
  <PgfLineSpacing Fixed>
  <PgfLeading  2.0 pt>
  <PgfAutoNum No>
  <PgfNumTabs 1>
  <TabStop 
   <TSX  35.0 pt>
   <TSType Left>
   <TSLeaderStr ` '>
  > # end of TabStop
  <PgfHyphenate Yes>
  <HyphenMaxLines 2>
  <HyphenMinPrefix 2>
  <HyphenMinSuffix 2>
  <HyphenMinWord 5>
  <PgfLetterSpace No>
  <PgfMinWordSpace 75>
  <PgfOptWordSpace 100>
  <PgfMaxWordSpace 125>
  <PgfMinJRomanLetterSpace 0>
  <PgfOptJRomanLetterSpace 25>
  <PgfMaxJRomanLetterSpace 50>
  <PgfMinJLetterSpace 0>
  <PgfOptJLetterSpace 0>
  <PgfMaxJLetterSpace 10>
  <PgfYakumonoType Floating>
  <PgfPDFStructureLevel 7>
  <PgfLanguage USEnglish>
  <PgfCellAlignment Top>
  <PgfCellMargins  0.0 pt 0.0 pt 0.0 pt 0.0 pt>
  <PgfCellLMarginFixed No>
  <PgfCellTMarginFixed No>
  <PgfCellRMarginFixed No>
  <PgfCellBMarginFixed No>
  <PgfLocked No>
 > # end of Pgf
 <Pgf 
  <PgfTag `ReportTitle'>
  <PgfUseNextTag Yes>
  <PgfNextTag `Body'>
  <PgfAlignment Left>
  <PgfFIndent  25.0 pt>
  <PgfLIndent  35.0 pt>
  <PgfRIndent  0.0 pt>
  <PgfFIndentRelative No>
  <PgfFIndentOffset  0.0 pt>
  <PgfTopSeparator `'>
  <PgfTopSepAtIndent No>
  <PgfTopSepOffset  0.0 pt>
  <PgfBotSeparator `'>
  <PgfBotSepAtIndent No>
  <PgfBotSepOffset  0.0 pt>
  <PgfPlacement Anywhere>
  <PgfPlacementStyle Normal>
  <PgfRunInDefaultPunct `. '>
  <PgfSpBefore  0.0 pt>
  <PgfSpAfter  4.0 pt>
  <PgfWithPrev No>
  <PgfWithNext No>
  <PgfBlockSize 1>
  <PgfFont 
   <FTag `'>
   <FPlatformName `W.Trebuchet MS.R.700'>
   <FFamily `Trebuchet MS'>
   <FVar `Regular'>
   <FWeight `Bold'>
   <FAngle `Regular'>
   <FEncoding `FrameRoman'>
   <FSize  16.0 pt>
   <FUnderlining FNoUnderlining>
   <FOverline No>
   <FStrike No>
   <FChangeBar No>
   <FOutline No>
   <FShadow No>
   <FPairKern No>
   <FTsume No>
   <FCase FAsTyped>
   <FPosition FNormal>
   <FDX  0.0%>
   <FDY  0.0%>
   <FDW  0.0%>
   <FStretch  100.0%>
   <FLanguage USEnglish>
   <FLocked No>
   <FSeparation 0>
   <FColor `Black'>
  > # end of PgfFont
  <PgfLineSpacing Fixed>
  <PgfLeading  1.0 pt>
  <PgfAutoNum No>
  <PgfNumTabs 1>
  <TabStop 
   <TSX  470.5014 pt>
   <TSType Right>
   <TSLeaderStr ` '>
  > # end of TabStop
  <PgfHyphenate Yes>
  <HyphenMaxLines 2>
  <HyphenMinPrefix 2>
  <HyphenMinSuffix 2>
  <HyphenMinWord 5>
  <PgfLetterSpace No>
  <PgfMinWordSpace 75>
  <PgfOptWordSpace 100>
  <PgfMaxWordSpace 125>
  <PgfMinJRomanLetterSpace 0>
  <PgfOptJRomanLetterSpace 25>
  <PgfMaxJRomanLetterSpace 50>
  <PgfMinJLetterSpace 0>
  <PgfOptJLetterSpace 0>
  <PgfMaxJLetterSpace 10>
  <PgfYakumonoType Floating>
  <PgfPDFStructureLevel 5>
  <PgfLanguage USEnglish>
  <PgfCellAlignment Top>
  <PgfCellMargins  0.0 pt 0.0 pt 0.0 pt 0.0 pt>
  <PgfCellLMarginFixed No>
  <PgfCellTMarginFixed No>
  <PgfCellRMarginFixed No>
  <PgfCellBMarginFixed No>
  <PgfLocked No>
 > # end of Pgf
> # end of PgfCatalog
<ElementDefCatalog 
> # end of ElementDefCatalog
<FmtChangeListCatalog 
> # end of FmtChangeListCatalog
<FontCatalog 
 <Font 
  <FTag `blue'>
  <FUnderlining FNoUnderlining>
  <FOverline No>
  <FStrike No>
  <FChangeBar No>
  <FOutline No>
  <FShadow No>
  <FPairKern No>
  <FTsume No>
  <FCase FAsTyped>
  <FPosition FNormal>
  <FDW  0.0%>
  <FStretch  100.0%>
  <FLanguage USEnglish>
  <FLocked No>
  <FSeparation 4>
  <FColor `Blue'>
 > # end of Font
 <Font 
  <FTag `red'>
  <FUnderlining FNoUnderlining>
  <FOverline No>
  <FStrike No>
  <FChangeBar No>
  <FOutline No>
  <FShadow No>
  <FPairKern No>
  <FTsume No>
  <FCase FAsTyped>
  <FPosition FNormal>
  <FDW  0.0%>
  <FStretch  100.0%>
  <FLanguage USEnglish>
  <FLocked No>
  <FSeparation 2>
  <FColor `Red'>
 > # end of Font
> # end of FontCatalog
<RulingCatalog 
 <Ruling 
  <RulingTag `Thin'>
  <RulingPenWidth  0.5 pt>
  <RulingGap  0.0 pt>
  <RulingSeparation 4>
  <RulingColor `Blue'>
  <RulingPen 3>
  <RulingLines 1>
 > # end of Ruling
 <Ruling 
  <RulingTag `Medium'>
  <RulingPenWidth  2.0 pt>
  <RulingGap  0.0 pt>
  <RulingSeparation 0>
  <RulingColor `Black'>
  <RulingPen 0>
  <RulingLines 1>
 > # end of Ruling
 <Ruling 
  <RulingTag `Double'>
  <RulingPenWidth  0.5 pt>
  <RulingGap  2.0 pt>
  <RulingSeparation 0>
  <RulingColor `Black'>
  <RulingPen 0>
  <RulingLines 2>
 > # end of Ruling
 <Ruling 
  <RulingTag `Thick'>
  <RulingPenWidth  3.0 pt>
  <RulingGap  0.0 pt>
  <RulingSeparation 0>
  <RulingColor `Black'>
  <RulingPen 0>
  <RulingLines 1>
 > # end of Ruling
 <Ruling 
  <RulingTag `Very Thin'>
  <RulingPenWidth  0.25 pt>
  <RulingGap  0.0 pt>
  <RulingSeparation 0>
  <RulingColor `Black'>
  <RulingPen 0>
  <RulingLines 1>
 > # end of Ruling
> # end of RulingCatalog
<TblCatalog 
> # end of TblCatalog
<KumihanCatalog 
> # end of KumihanCatalog
<Views 
 <View 
  <ViewNumber 1>
  <ViewCutout `White'>
 > # end of View
 <View 
  <ViewNumber 2>
  <ViewCutout `White'>
  <ViewInvisible `Red'>
  <ViewInvisible `Green'>
  <ViewInvisible `Blue'>
  <ViewInvisible `Cyan'>
  <ViewInvisible `Magenta'>
 > # end of View
 <View 
  <ViewNumber 3>
  <ViewInvisible `Black'>
  <ViewCutout `White'>
 > # end of View
 <View 
  <ViewNumber 4>
  <ViewCutout `White'>
 > # end of View
 <View 
  <ViewNumber 5>
  <ViewCutout `White'>
 > # end of View
 <View 
  <ViewNumber 6>
  <ViewCutout `White'>
 > # end of View
> # end of Views
<VariableFormats 
 <VariableFormat 
  <VariableName `Page Count'>
  <VariableDef `<$lastpagenum\>'>
 > # end of VariableFormat
 <VariableFormat 
  <VariableName `Current Date (Long)'>
  <VariableDef `<$monthname\> <$daynum\>, <$year\>'>
 > # end of VariableFormat
 <VariableFormat 
  <VariableName `Current Date (Short)'>
  <VariableDef `<$monthnum\>/<$daynum\>/<$shortyear\>'>
 > # end of VariableFormat
 <VariableFormat 
  <VariableName `Modification Date (Long)'>
  <VariableDef `<$monthname\> <$daynum\>, <$year\> <$hour\>:<$minute00\> <$ampm\>'>
 > # end of VariableFormat
 <VariableFormat 
  <VariableName `Modification Date (Short)'>
  <VariableDef `<$monthnum\>/<$daynum\>/<$shortyear\>'>
 > # end of VariableFormat
 <VariableFormat 
  <VariableName `Creation Date (Long)'>
  <VariableDef `<$monthname\> <$daynum\>, <$year\> <$hour\>:<$minute00\> <$ampm\>'>
 > # end of VariableFormat
 <VariableFormat 
  <VariableName `Creation Date (Short)'>
  <VariableDef `<$monthnum\>/<$daynum\>/<$shortyear\>'>
 > # end of VariableFormat
 <VariableFormat 
  <VariableName `Filename (Long)'>
  <VariableDef `<$fullfilename\>'>
 > # end of VariableFormat
 <VariableFormat 
  <VariableName `Filename (Short)'>
  <VariableDef `<$filename\>'>
 > # end of VariableFormat
 <VariableFormat 
  <VariableName `Running H/F 1'>
  <VariableDef `<$paratext[HiddenTitle]\>'>
 > # end of VariableFormat
 <VariableFormat 
  <VariableName `Running H/F 2'>
  <VariableDef `<$paratext[HiddenStatement]\>'>
 > # end of VariableFormat
 <VariableFormat 
  <VariableName `Current Page #'>
  <VariableDef `<$curpagenum\>'>
 > # end of VariableFormat
 <VariableFormat 
  <VariableName `Running H/F 3'>
  <VariableDef `<$marker1\>'>
 > # end of VariableFormat
 <VariableFormat 
  <VariableName `Running H/F 4'>
  <VariableDef `<$marker2\>'>
 > # end of VariableFormat
 <VariableFormat 
  <VariableName `Table Continuation'>
  <VariableDef ` (Continued)'>
 > # end of VariableFormat
 <VariableFormat 
  <VariableName `Table Sheet'>
  <VariableDef ` (Sheet <$tblsheetnum\> of <$tblsheetcount\>)'>
 > # end of VariableFormat
 <VariableFormat 
  <VariableName `ProductName'>
  <VariableDef `<Default \xa6  Font\>FrameMaker+SGML'>
 > # end of VariableFormat
> # end of VariableFormats
<MarkerTypeCatalog 
 <MTypeName `HTML Macro'>
 <MTypeName `Type 11'>
> # end of MarkerTypeCatalog
<XRefFormats 
 <XRefFormat 
  <XRefName `Heading & Page'>
  <XRefDef `\xd2 <$paratext\>\xd3  on page\x11 <$pagenum\>'>
 > # end of XRefFormat
 <XRefFormat 
  <XRefName `Page'>
  <XRefDef `page\x11 <$pagenum\>'>
 > # end of XRefFormat
 <XRefFormat 
  <XRefName `See Heading & Page'>
  <XRefDef `See \xd2 <$paratext\>\xd3  on page\x11 <$pagenum\>.'>
 > # end of XRefFormat
 <XRefFormat 
  <XRefName `Table & Page'>
  <XRefDef `Table\x11 <$paranumonly\>, \xd2 <$paratext\>,\xd3  on page\x11 <$pagenum\>'>
 > # end of XRefFormat
> # end of XRefFormats
<Document 
 <DViewRect 20 24 485 427 >
 <DWindowRect 20 0 676 624 >
 <DViewScale  100.0%>
 <DNextUnique 930619>
 <DPageSize  480.0 pt 520.0 pt>
 <DMenuBar `'>
 <DVoMenuBar `'>
 <DStartPage 1>
 <DPageNumStyle Arabic>
 <ContPageNum No>
 <PgfNumbering Restart>
 <VolNumComputeMethod StartNumbering>
 <VolumeNumStart 1>
 <VolumeNumStyle Arabic>
 <VolumeNumText `'>
 <ChapterNumComputeMethod StartNumbering>
 <ChapterNumStart 1>
 <ChapterNumStyle Arabic>
 <ChapterNumText `'>
 <DPagePointStyle Arabic>
 <DTwoSides No>
 <DParity FirstRight>
 <DFrozenPages No>
 <DPageRounding DeleteEmptyPages>
 <DFNoteMaxH  288.0 pt>
 <FNoteStartNum 1>
 <DFNoteRestart PerPage>
 <DFNoteTag `Footnote'>
 <DFNoteLabels `*\xa0 \xe0 '>
 <DFNoteNumStyle Arabic>
 <DFNoteComputeMethod PerPage>
 <DFNoteAnchorPos FNSuperscript>
 <DFNoteNumberPos FNBaseline>
 <DFNoteAnchorPrefix `'>
 <DFNoteAnchorSuffix `'>
 <DFNoteNumberPrefix `'>
 <DFNoteNumberSuffix `. '>
 <DTblFNoteTag `TableFootnote'>
 <DTblFNoteLabels `*\xa0 \xe0 '>
 <DTblFNoteNumStyle LCAlpha>
 <DTblFNoteAnchorPos FNSuperscript>
 <DTblFNoteNumberPos FNBaseline>
 <DTblFNoteAnchorPrefix `'>
 <DTblFNoteAnchorSuffix `'>
 <DTblFNoteNumberPrefix `'>
 <DTblFNoteNumberSuffix `. '>
 <DLinebreakChars `/ - \xd0  \xd1 '>
 <DPunctuationChars `:;,.\xc9 !?'>
 <DChBarGap  18.0 pt>
 <DChBarWidth  2.0 pt>
 <DChBarPosition LeftOfCol>
 <DChBarColor `Black'>
 <DAutoChBars No>
 <DShowAllConditions No>
 <DDisplayOverrides No>
 <DPageScrolling Vertical>
 <DViewOnly No>
 <DViewOnlyXRef GotoBehavior>
 <DViewOnlySelect UserOnly>
 <DViewOnlyWinBorders No>
 <DViewOnlyWinMenubar No>
 <DViewOnlyWinPopup Yes>
 <DViewOnlyWinPalette No>
 <DFluid No>
 <DFluidSideheads No>
 <DGridOn No>
 <DPageGrid  36.0 pt>
 <DSnapGrid  9.0 pt>
 <DSnapRotation  0.0>
 <DRulersOn No>
 <DFullRulers Yes>
 <DGraphicsOff No>
 <DCurrentView 1>
 <DBordersOn Yes>
 <DSymbolsOn No>
 <DLinkBoundariesOn No>
 <DElementBordersOn No>
 <DElementTagsOn No>
 <DAttrEditor Always>
 <DSmartQuotesOn Yes>
 <DSmartSpacesOn Yes>
 <DUpdateTextInsetsOnOpen Yes>
 <DUpdateXRefsOnOpen No>
 <DLanguage USEnglish>
 <DSuperscriptSize  80.0%>
 <DSubscriptSize  80.0%>
 <DSmallCapsSize  80.0%>
 <DSuperscriptShift  40.0%>
 <DSubscriptShift  25.0%>
 <DSuperscriptStretch  100.0%>
 <DSubscriptStretch  100.0%>
 <DSmallCapsStretch  100.0%>
 <DRubiSize  50.0%>
 <DRubiOverhang No>
 <DRubiAlignAtLineBounds No>
 <DNarrowRubiSpaceForJapanese Proportional>
 <DWideRubiSpaceForJapanese Proportional>
 <DNarrowRubiSpaceForOther Narrow>
 <DWideRubiSpaceForOther Narrow>
 <DMathAlphaCharFontFamily `Times New Roman'>
 <DMathSmallIntegral  14.0 pt>
 <DMathMediumIntegral  18.0 pt>
 <DMathLargeIntegral  24.0 pt>
 <DMathSmallSigma  14.0 pt>
 <DMathMediumSigma  18.0 pt>
 <DMathLargeSigma  24.0 pt>
 <DMathSmallLevel1  9.0 pt>
 <DMathMediumLevel1  12.0 pt>
 <DMathLargeLevel1  14.0 pt>
 <DMathSmallLevel2  7.0 pt>
 <DMathMediumLevel2  9.0 pt>
 <DMathLargeLevel2  12.0 pt>
 <DMathSmallLevel3  5.0 pt>
 <DMathMediumLevel3  6.0 pt>
 <DMathLargeLevel3  8.0 pt>
 <DMathSmallHoriz  0.0 pt>
 <DMathMediumHoriz  0.0 pt>
 <DMathLargeHoriz  0.0 pt>
 <DMathSmallVert  0.0 pt>
 <DMathMediumVert  0.0 pt>
 <DMathLargeVert  0.0 pt>
 <DMathShowCustom No>
 <DMathFunctions `'>
 <DMathNumbers `'>
 <DMathVariables `'>
 <DMathStrings `'>
 <DMathGreek `'>
 <DMathCatalog >
 <DElementCatalogScope Children>
 <DSeparateInclusions No>
 <DAttributeDisplay AllAttributes>
 <DUseInitialStructure Yes>
 <DSGMLAppName `'>
 <DPrintSkipBlankPages No>
 <DPrintSeparations No>
 <DPrintProcessColor `Black'>
 <DNoPrintSepColor `White'>
 <DPrintProcessColor `Cyan'>
 <DPrintProcessColor `Magenta'>
 <DPrintProcessColor `Yellow'>
 <DGenerateAcrobatInfo No>
 <DAcrobatParagraphBookmarks Yes>
 <DAcrobatBookmarksIncludeTagNames No>
 <DPDFAllNamedDestinations Yes>
 <DPDFDestsMarked No>
 <DPDFStructure No>
 <DPDFStructureDefined Yes>
 <PDFDocInfo 
 > # end of PDFDocInfo
 <DFCLMinimums 
  <PgfFIndent  0.0 pt>
  <PgfLIndent  0.0 pt>
  <PgfRIndent  0.0 pt>
  <PgfSpBefore  -32767.0 pt>
  <PgfSpAfter  -32767.0 pt>
  <PgfLeading  -32767.0 pt>
  <FSize  2.0 pt>
  <FDW  -1000.0%>
  <FStretch  10.0%>
  <TSX  0.0 pt>
  <PgfCellTMargin  0.0 pt>
  <PgfCellRMargin  0.0 pt>
  <PgfCellLMargin  0.0 pt>
  <PgfCellBMargin  0.0 pt>
 > # end of DFCLMinimums
 <DFCLMaximums 
  <PgfFIndent  2808.0 pt>
  <PgfLIndent  2808.0 pt>
  <PgfRIndent  2808.0 pt>
  <PgfSpBefore  32767.0 pt>
  <PgfSpAfter  32767.0 pt>
  <PgfLeading  32767.0 pt>
  <FSize  400.0 pt>
  <FDW  1000.0%>
  <FStretch  1000.0%>
  <TSX  2808.0 pt>
  <PgfCellTMargin  32767.0 pt>
  <PgfCellRMargin  32767.0 pt>
  <PgfCellLMargin  32767.0 pt>
  <PgfCellBMargin  32767.0 pt>
 > # end of DFCLMaximums
> # end of Document
<InitialAutoNums 
 <AutoNumSeries 
  <FlowTag `Body'>
  <Series `'>
 > # end of AutoNumSeries
> # end of InitialAutoNums
<Dictionary 
> # end of Dictionary
<AFrames 
> # end of AFrames
<Page 
 <Unique 181464>
 <PageType LeftMasterPage>
 <PageTag `Left'>
 <PageSize  480.0 pt 520.0 pt>
 <PageOrientation Portrait>
 <PageAngle  0.0>
 <TextRect 
  <ID 1>
  <Unique 920445>
  <Pen 15>
  <Fill 15>
  <PenWidth  1.0 pt>
  <Separation 0>
  <ObColor `Black'>
  <DashedPattern 
   <DashedStyle Solid>
  > # end of DashedPattern
  <RunaroundGap  0.0 pt>
  <RunaroundType None>
  <Overprint No>
  <ShapeRect  72.0 pt 36.0 pt 468.0 pt 10.0 pt>
  <BRect  72.0 pt 36.0 pt 468.0 pt 10.0 pt>
  <TRNumColumns 1>
  <TRColumnGap  18.0 pt>
  <TRColumnBalance No>
  <TRSideheadWidth  108.0 pt>
  <TRSideheadGap  18.0 pt>
  <TRSideheadPlacement Left>
  <TRNext 0>
 > # end of TextRect
 <TextRect 
  <ID 2>
  <Unique 920446>
  <Overprint No>
  <ShapeRect  72.0 pt 749.3333 pt 468.0 pt 10.0 pt>
  <BRect  72.0 pt 749.3333 pt 468.0 pt 10.0 pt>
  <TRNumColumns 1>
  <TRColumnGap  18.0 pt>
  <TRColumnBalance No>
  <TRSideheadWidth  108.0 pt>
  <TRSideheadGap  18.0 pt>
  <TRSideheadPlacement Left>
  <TRNext 0>
 > # end of TextRect
 <TextRect 
  <ID 3>
  <Unique 920447>
  <Overprint No>
  <ShapeRect  72.0 pt 72.0 pt 468.0 pt 648.0 pt>
  <BRect  72.0 pt 72.0 pt 468.0 pt 648.0 pt>
  <TRNumColumns 1>
  <TRColumnGap  18.0 pt>
  <TRColumnBalance No>
  <TRSideheadWidth  108.0 pt>
  <TRSideheadGap  18.0 pt>
  <TRSideheadPlacement Left>
  <TRNext 0>
 > # end of TextRect
> # end of Page
<Page 
 <Unique 491544>
 <PageType RightMasterPage>
 <PageTag `Right'>
 <PageSize  480.0 pt 520.0 pt>
 <PageOrientation Portrait>
 <PageAngle  0.0>
 <TextRect 
  <ID 4>
  <Unique 922183>
  <Pen 15>
  <Fill 15>
  <PenWidth  1.0 pt>
  <Separation 0>
  <ObColor `Black'>
  <DashedPattern 
   <DashedStyle Solid>
  > # end of DashedPattern
  <RunaroundGap  0.0 pt>
  <RunaroundType None>
  <Overprint No>
  <ShapeRect  6.0 pt 19.75 pt 457.5004 pt 486.7516 pt>
  <BRect  6.0 pt 19.75 pt 457.5004 pt 486.7516 pt>
  <TRNumColumns 1>
  <TRColumnGap  18.0 pt>
  <TRColumnBalance No>
  <TRSideheadWidth  108.0 pt>
  <TRSideheadGap  18.0 pt>
  <TRSideheadPlacement Left>
  <TRNext 0>
 > # end of TextRect
 <Polygon 
  <Unique 923055>
  <Fill 7>
  <PenWidth  2.0 pt>
  <Separation 4>
  <ObColor `Blue'>
  <Overprint No>
  <NumPoints 3>
  <Point  422.9798 pt 415.4634 pt>
  <Point  422.9798 pt 402.4634 pt>
  <Point  428.9798 pt 409.2455 pt>
 > # end of Polygon
> # end of Page
<Page 
 <Unique 182067>
 <PageType ReferencePage>
 <PageTag `Reference'>
 <PageSize  480.0 pt 520.0 pt>
 <PageOrientation Portrait>
 <PageAngle  0.0>
 <Frame 
  <Unique 923399>
  <Pen 15>
  <Fill 15>
  <PenWidth  1.0 pt>
  <Separation 0>
  <ObColor `Black'>
  <DashedPattern 
   <DashedStyle Solid>
  > # end of DashedPattern
  <RunaroundGap  6.0 pt>
  <RunaroundType None>
  <Angle  360.0>
  <Overprint No>
  <ShapeRect  10.0 pt 220.0 pt 503.0 pt 10.0001 pt>
  <BRect  10.0 pt 220.0 pt 503.0 pt 10.0001 pt>
  <FrameType NotAnchored>
  <Tag `Single Line'>
  <PolyLine 
   <Unique 923400>
   <Pen 0>
   <HeadCap Square>
   <TailCap Square>
   <Overprint No>
   <NumPoints 2>
   <Point  35.0 pt 1.0001 pt>
   <Point  538.0 pt 1.0001 pt>
  > # end of PolyLine
 > # end of Frame
> # end of Page
<Page 
 <Unique 182075>
 <PageType BodyPage>
 <PageNum `1'>
 <PageTag `'>
 <PageSize  480.0 pt 520.0 pt>
 <PageOrientation Portrait>
 <PageAngle  0.0>
 <PageBackground `Default'>
 <TextRect 
  <ID 5>
  <Unique 922343>
  <Pen 15>
  <Fill 15>
  <PenWidth  1.0 pt>
  <Separation 0>
  <ObColor `Black'>
  <DashedPattern 
   <DashedStyle Solid>
  > # end of DashedPattern
  <RunaroundGap  0.0 pt>
  <RunaroundType None>
  <Overprint No>
  <ShapeRect  6.0 pt 19.75 pt 457.5004 pt 486.7516 pt>
  <BRect  6.0 pt 19.75 pt 457.5004 pt 486.7516 pt>
  <TRNumColumns 1>
  <TRColumnGap  18.0 pt>
  <TRColumnBalance No>
  <TRSideheadWidth  108.0 pt>
  <TRSideheadGap  18.0 pt>
  <TRSideheadPlacement Left>
  <TRNext 0>
 > # end of TextRect
> # end of Page
<TextFlow 
 <Notes 
 > # end of Notes
 <Para 
  <Unique 181274>
  <Pgf 
   <PgfTag `Header'>
   <PgfUseNextTag No>
   <PgfNextTag `'>
   <PgfAlignment LeftRight>
   <PgfFIndent  0.0 pt>
   <PgfLIndent  0.0 pt>
   <PgfRIndent  0.0 pt>
   <PgfFIndentRelative No>
   <PgfFIndentOffset  0.0 pt>
   <PgfTopSeparator `'>
   <PgfTopSepAtIndent No>
   <PgfTopSepOffset  0.0 pt>
   <PgfBotSeparator `'>
   <PgfBotSepAtIndent No>
   <PgfBotSepOffset  0.0 pt>
   <PgfPlacement Anywhere>
   <PgfPlacementStyle Normal>
   <PgfRunInDefaultPunct `. '>
   <PgfSpBefore  0.0 pt>
   <PgfSpAfter  0.0 pt>
   <PgfWithPrev No>
   <PgfWithNext No>
   <PgfBlockSize 1>
   <PgfFont 
    <FTag `'>
    <FPlatformName `W.Times New Roman.R.400'>
    <FFamily `Times New Roman'>
    <FVar `Regular'>
    <FWeight `Regular'>
    <FAngle `Regular'>
    <FEncoding `FrameRoman'>
    <FSize  10.0 pt>
    <FUnderlining FNoUnderlining>
    <FOverline No>
    <FStrike No>
    <FChangeBar No>
    <FOutline No>
    <FShadow No>
    <FPairKern No>
    <FTsume No>
    <FCase FAsTyped>
    <FPosition FNormal>
    <FDX  0.0%>
    <FDY  0.0%>
    <FDW  0.0%>
    <FStretch  100.0%>
    <FLanguage NoLanguage>
    <FLocked No>
    <FSeparation 0>
    <FColor `Black'>
   > # end of PgfFont
   <PgfLineSpacing Fixed>
   <PgfLeading  2.0 pt>
   <PgfAutoNum No>
   <PgfNumTabs 2>
   <TabStop 
    <TSX  234.0 pt>
    <TSType Center>
    <TSLeaderStr ` '>
   > # end of TabStop
   <TabStop 
    <TSX  468.0 pt>
    <TSType Right>
    <TSLeaderStr ` '>
   > # end of TabStop
   <PgfHyphenate No>
   <HyphenMaxLines 2>
   <HyphenMinPrefix 2>
   <HyphenMinSuffix 2>
   <HyphenMinWord 5>
   <PgfLetterSpace No>
   <PgfMinWordSpace 75>
   <PgfOptWordSpace 100>
   <PgfMaxWordSpace 125>
   <PgfMinJRomanLetterSpace 0>
   <PgfOptJRomanLetterSpace 25>
   <PgfMaxJRomanLetterSpace 50>
   <PgfMinJLetterSpace 0>
   <PgfOptJLetterSpace 0>
   <PgfMaxJLetterSpace 10>
   <PgfYakumonoType Floating>
   <PgfPDFStructureLevel 7>
   <PgfLanguage NoLanguage>
   <PgfCellAlignment Top>
   <PgfCellMargins  0.0 pt 0.0 pt 0.0 pt 0.0 pt>
   <PgfCellLMarginFixed No>
   <PgfCellTMarginFixed No>
   <PgfCellRMarginFixed No>
   <PgfCellBMarginFixed No>
   <PgfLocked No>
  > # end of Pgf
  <ParaLine 
   <TextRectID 1>
   <Font 
    <FTag `'>
    <FPlatformName `W.Times New Roman.R.400'>
    <FFamily `Times New Roman'>
    <FVar `Regular'>
    <FWeight `Regular'>
    <FAngle `Regular'>
    <FEncoding `FrameRoman'>
    <FSize  10.0 pt>
    <FUnderlining FNoUnderlining>
    <FOverline No>
    <FStrike No>
    <FChangeBar No>
    <FOutline No>
    <FShadow No>
    <FPairKern No>
    <FTsume No>
    <FCase FAsTyped>
    <FPosition FNormal>
    <FDX  0.0%>
    <FDY  0.0%>
    <FDW  0.0%>
    <FStretch  100.0%>
    <FLanguage NoLanguage>
    <FLocked No>
    <FSeparation 0>
    <FColor `Black'>
   > # end of Font
  > # end of ParaLine
 > # end of Para
> # end of TextFlow
<TextFlow 
 <Notes 
 > # end of Notes
 <Para 
  <Unique 181275>
  <Pgf 
   <PgfTag `Footer'>
   <PgfPDFStructureLevel 7>
  > # end of Pgf
  <ParaLine 
   <TextRectID 2>
  > # end of ParaLine
 > # end of Para
> # end of TextFlow
<TextFlow 
 <TFTag `A'>
 <TFAutoConnect Yes>
 <Notes 
 > # end of Notes
 <Para 
  <Unique 181276>
  <PgfTag `Body'>
  <ParaLine 
   <TextRectID 3>
  > # end of ParaLine
 > # end of Para
> # end of TextFlow
<TextFlow 
 <TFTag `Body'>
 <TFAutoConnect Yes>
 <Notes 
 > # end of Notes
 <Para 
  <Unique 922185>
  <PgfTag `Body'>
  <ParaLine 
   <TextRectID 4>
  > # end of ParaLine
 > # end of Para
> # end of TextFlow
<TextFlow 
 <TFTag `Body'>
 <TFAutoConnect Yes>
 <Notes 
 > # end of Notes
 <Para 
  <Unique 923997>
  <PgfTag `ReportHead'>
  <ParaLine 
   <TextRectID 5>
  > # end of ParaLine
 > # end of Para
 <Para 
  <Unique 930551>
  <PgfTag `Body'>
  <ParaLine 
  > # end of ParaLine
 > # end of Para
 <Para 
  <Unique 930550>
  <PgfTag `Body'>
  <ParaLine 
  > # end of ParaLine
 > # end of Para
 <Para 
  <PgfTag `ReportHead'>
  <ParaLine 
   <String `Graphic Report for icecoreuserguide.book'>
   <Char Tab> 
   <Char Tab> 
   <String `5/9/2007 2:38:00 PM'>
  > # end of ParaLine
 > # end of Para
 <Para 
  <PgfTag `ReportHead'>
  <ParaLine 
   <String `Graphics Summary'>
  > # end of ParaLine
 > # end of Para
 <Para 
  <PgfTag `ReportHead2'>
  <ParaLine 
   <String `Filename'>
   <Char Tab> 
   <String `# of References'>
  > # end of ParaLine
 > # end of Para
 <Para 
  <PgfTag `Body'>
  <ParaLine 
   <String `blogratingstars_a.png'>
   <Char Tab> 
   <String `2'>
  > # end of ParaLine
 > # end of Para
 <Para 
  <PgfTag `Body'>
  <ParaLine 
   <String `folderbookmarksfolder_n.png'>
   <Char Tab> 
   <String `1'>
  > # end of ParaLine
 > # end of Para
 <Para 
  <PgfTag `Body'>
  <ParaLine 
   <String `icecorebuddylist_a.png'>
   <Char Tab> 
   <String `2'>
  > # end of ParaLine
 > # end of Para
 <Para 
  <PgfTag `Body'>
  <ParaLine 
   <String `icecorpsnavigator_a.png'>
   <Char Tab> 
   <String `1'>
  > # end of ParaLine
 > # end of Para
 <Para 
  <PgfTag `Body'>
  <ParaLine 
   <String `iconblogaddcomment_a.png'>
   <Char Tab> 
   <String `1'>
  > # end of ParaLine
 > # end of Para
 <Para 
  <PgfTag `Body'>
  <ParaLine 
   <String `iconbuddylistaway_n.png'>
   <Char Tab> 
   <String `1'>
  > # end of ParaLine
 > # end of Para
 <Para 
  <PgfTag `Body'>
  <ParaLine 
   <String `iconbuddylistoffline_n.png'>
   <Char Tab> 
   <String `1'>
  > # end of ParaLine
 > # end of Para
 <Para 
  <PgfTag `Body'>
  <ParaLine 
   <String `iconbuddylistonline_n.png'>
   <Char Tab> 
   <String `1'>
  > # end of ParaLine
 > # end of Para
 <Para 
  <PgfTag `Body'>
  <ParaLine 
   <String `iconbuddylistunknown_n.png'>
   <Char Tab> 
   <String `1'>
  > # end of ParaLine
 > # end of Para
 <Para 
  <PgfTag `Body'>
  <ParaLine 
   <String `iconfavorite_n.png'>
   <Char Tab> 
   <String `3'>
  > # end of ParaLine
 > # end of Para
 <Para 
  <PgfTag `Body'>
  <ParaLine 
   <String `iconhelp_n.png'>
   <Char Tab> 
   <String `2'>
  > # end of ParaLine
 > # end of Para
 <Para 
  <PgfTag `Body'>
  <ParaLine 
   <String `iconmyworkspace_n.png'>
   <Char Tab> 
   <String `3'>
  > # end of ParaLine
 > # end of Para
 <Para 
  <PgfTag `Body'>
  <ParaLine 
   <String `icontags_a.png'>
   <Char Tab> 
   <String `5'>
  > # end of ParaLine
 > # end of Para
 <Para 
  <PgfTag `Body'>
  <ParaLine 
   <String `iconworkspacetree_n.png'>
   <Char Tab> 
   <String `1'>
  > # end of ParaLine
 > # end of Para
 <Para 
  <PgfTag `Body'>
  <ParaLine 
   <String `iconworkspacetreeexpanded_n.png'>
   <Char Tab> 
   <String `1'>
  > # end of ParaLine
 > # end of Para
 <Para 
  <PgfTag `Body'>
  <ParaLine 
   <String `menufavorites_a.png'>
   <Char Tab> 
   <String `2'>
  > # end of ParaLine
 > # end of Para
 <Para 
  <PgfTag `Body'>
  <ParaLine 
   <String `menutagcloud_n.png'>
   <Char Tab> 
   <String `1'>
  > # end of ParaLine
 > # end of Para
 <Para 
  <PgfTag `Body'>
  <ParaLine 
   <String `navigatorteams_a.png'>
   <Char Tab> 
   <String `1'>
  > # end of ParaLine
 > # end of Para
 <Para 
  <PgfTag `Body'>
  <ParaLine 
   <String `profileimageremovalscreen_a.png'>
   <Char Tab> 
   <String `1'>
  > # end of ParaLine
 > # end of Para
 <Para 
  <PgfTag `Body'>
  <ParaLine 
   <String `profilephotobox_a.png'>
   <Char Tab> 
   <String `1'>
  > # end of ParaLine
 > # end of Para
 <Para 
  <PgfTag `Body'>
  <ParaLine 
   <String `searchresultspage_a.png'>
   <Char Tab> 
   <String `1'>
  > # end of ParaLine
 > # end of Para
 <Para 
  <PgfTag `Body'>
  <ParaLine 
   <String `welcomeportlet_a.png'>
   <Char Tab> 
   <String `1'>
  > # end of ParaLine
 > # end of Para
 <Para 
  <PgfTag `Body'>
  <ParaLine 
   <String `workspaceaddblog_a.png'>
   <Char Tab> 
   <String `1'>
  > # end of ParaLine
 > # end of Para
 <Para 
  <PgfTag `Body'>
  <ParaLine 
   <String `workspaceaddteammeeting_a.png'>
   <Char Tab> 
   <String `1'>
  > # end of ParaLine
 > # end of Para
 <Para 
  <PgfTag `Body'>
  <ParaLine 
   <String `workspaceblogentryeditor_a.png'>
   <Char Tab> 
   <String `1'>
  > # end of ParaLine
 > # end of Para
 <Para 
  <PgfTag `Body'>
  <ParaLine 
   <String `workspaceblognewentry_a.png'>
   <Char Tab> 
   <String `1'>
  > # end of ParaLine
 > # end of Para
 <Para 
  <PgfTag `Body'>
  <ParaLine 
   <String `workspaceconfigureaccesscontroladdteam_a.png'>
   <Char Tab> 
   <String `1'>
  > # end of ParaLine
 > # end of Para
 <Para 
  <PgfTag `Body'>
  <ParaLine 
   <String `workspaceteamsendemail_a.png'>
   <Char Tab> 
   <String `1'>
  > # end of ParaLine
 > # end of Para
 <Para 
  <PgfTag `Body'>
  <ParaLine 
   <String `workspacetree_a.png'>
   <Char Tab> 
   <String `1'>
  > # end of ParaLine
 > # end of Para
 <Para 
  <PgfTag `Body'>
  <ParaLine 
   <String `workspaceviewmembers_a.png'>
   <Char Tab> 
   <String `1'>
  > # end of ParaLine
 > # end of Para
 <Para 
  <PgfTag `ReportHead'>
  <ParaLine 
   <String `Each .eps file has a corresponding .png or .gif file in the /graphics directory'>
  > # end of ParaLine
 > # end of Para
 <Para 
  <PgfTag `ReportHead'>
  <ParaLine 
   <String `No unreferenced graphics in the /graphics directory are referenced by the book.'>
  > # end of ParaLine
 > # end of Para
 <Para 
  <PgfTag `ReportHead'>
  <ParaLine 
   <String `List of All Graphic References'>
  > # end of ParaLine
 > # end of Para
 <Para 
  <PgfTag `ReportHead'>
  <ParaLine 
   <String `blogratingstars_a.png'>
  > # end of ParaLine
 > # end of Para
 <Para 
  <PgfTag `ReportHead2'>
  <ParaLine 
   <Font 
    <FTag `blue'>
    <FLocked No>
   > # end of Font
   <Marker 
    <MType 8>
    <MTypeName `Hypertext'>
    <MText `message Novdoc xref|C:\\ssfdocs\\help\\icecoresourcedoc\\icecoreuserguide\\icecorequickstart.fm|1058898'>
    <MCurrPage `1'>
   > # end of Marker
   <String `blogratingstars_a.png'>
   <Font 
    <FTag `'>
    <FLocked No>
   > # end of Font
   <String ` in icecorequickstart.fm'>
  > # end of ParaLine
 > # end of Para
 <Para 
  <PgfTag `Body'>
  <ParaLine 
   <String `Width: , Indent: Inline'>
  > # end of ParaLine
 > # end of Para
 <Para 
  <PgfTag `Body'>
  <ParaLine 
   <String `Description: \qDescription: snhfefjkwenfkjwnegkjwekjgnhkjwereg \q'>
  > # end of ParaLine
 > # end of Para
 <Para 
  <PgfTag `ReportHead2'>
  <ParaLine 
   <Font 
    <FTag `blue'>
    <FLocked No>
   > # end of Font
   <Marker 
    <MType 8>
    <MTypeName `Hypertext'>
    <MText `message Novdoc xref|C:\\ssfdocs\\help\\icecoresourcedoc\\icecoreuserguide\\icecorequickstart.fm|1051797'>
    <MCurrPage `1'>
   > # end of Marker
   <String `blogratingstars_a.png'>
   <Font 
    <FTag `'>
    <FLocked No>
   > # end of Font
   <String ` in icecorequickstart.fm'>
  > # end of ParaLine
 > # end of Para
 <Para 
  <PgfTag `Body'>
  <ParaLine 
   <String `Width: 52%, Indent: Current Indent'>
  > # end of ParaLine
 > # end of Para
 <Para 
  <PgfTag `ReportHead'>
  <ParaLine 
   <String `folderbookmarksfolder_n.png'>
  > # end of ParaLine
 > # end of Para
 <Para 
  <PgfTag `ReportHead2'>
  <ParaLine 
   <Font 
    <FTag `blue'>
    <FLocked No>
   > # end of Font
   <Marker 
    <MType 8>
    <MTypeName `Hypertext'>
    <MText `message Novdoc xref|C:\\ssfdocs\\help\\icecoresourcedoc\\icecoreuserguide\\icecorequickstart.fm|1044222'>
    <MCurrPage `1'>
   > # end of Marker
   <String `folderbookmarksfolder_n.png'>
   <Font 
    <FTag `'>
    <FLocked No>
   > # end of Font
   <String ` in icecorequickstart.fm'>
  > # end of ParaLine
 > # end of Para
 <Para 
  <PgfTag `Body'>
  <ParaLine 
   <String `Width: 100%, Indent: Current Indent'>
  > # end of ParaLine
 > # end of Para
 <Para 
  <PgfTag `ReportHead'>
  <ParaLine 
   <String `icecorebuddylist_a.png'>
  > # end of ParaLine
 > # end of Para
 <Para 
  <PgfTag `ReportHead2'>
  <ParaLine 
   <Font 
    <FTag `blue'>
    <FLocked No>
   > # end of Font
   <Marker 
    <MType 8>
    <MTypeName `Hypertext'>
    <MText `message Novdoc xref|C:\\ssfdocs\\help\\icecoresourcedoc\\icecoreuserguide\\icecorequickstart.fm|1058787'>
    <MCurrPage `1'>
   > # end of Marker
   <String `icecorebuddylist_a.png'>
   <Font 
    <FTag `'>
    <FLocked No>
   > # end of Font
   <String ` in icecorequickstart.fm'>
  > # end of ParaLine
 > # end of Para
 <Para 
  <PgfTag `Body'>
  <ParaLine 
   <String `Width: 95%, Indent: Current Indent'>
  > # end of ParaLine
 > # end of Para
 <Para 
  <PgfTag `Body'>
  <ParaLine 
   <String `Screen Capture Path: \qScreen Capture Path: \q'>
  > # end of ParaLine
 > # end of Para
 <Para 
  <PgfTag `ReportHead2'>
  <ParaLine 
   <Font 
    <FTag `blue'>
    <FLocked No>
   > # end of Font
   <Marker 
    <MType 8>
    <MTypeName `Hypertext'>
    <MText `message Novdoc xref|C:\\ssfdocs\\help\\icecoresourcedoc\\icecoreuserguide\\icecorequickstart.fm|1039901'>
    <MCurrPage `1'>
   > # end of Marker
   <String `icecorebuddylist_a.png'>
   <Font 
    <FTag `'>
    <FLocked No>
   > # end of Font
   <String ` in icecorequickstart.fm'>
  > # end of ParaLine
 > # end of Para
 <Para 
  <PgfTag `Body'>
  <ParaLine 
   <String `Width: 100%, Indent: Current Indent'>
  > # end of ParaLine
 > # end of Para
 <Para 
  <PgfTag `ReportHead'>
  <ParaLine 
   <String `icecorpsnavigator_a.png'>
  > # end of ParaLine
 > # end of Para
 <Para 
  <PgfTag `ReportHead2'>
  <ParaLine 
   <Font 
    <FTag `blue'>
    <FLocked No>
   > # end of Font
   <Marker 
    <MType 8>
    <MTypeName `Hypertext'>
    <MText `message Novdoc xref|C:\\ssfdocs\\help\\icecoresourcedoc\\icecoreuserguide\\icecorequickstart.fm|1037559'>
    <MCurrPage `1'>
   > # end of Marker
   <String `icecorpsnavigator_a.png'>
   <Font 
    <FTag `'>
    <FLocked No>
   > # end of Font
   <String ` in icecorequickstart.fm'>
  > # end of ParaLine
 > # end of Para
 <Para 
  <PgfTag `Body'>
  <ParaLine 
   <String `Width: 100%, Indent: Current Indent'>
  > # end of ParaLine
 > # end of Para
 <Para 
  <PgfTag `Body'>
  <ParaLine 
   <String `Description: \qDescription: ICEcorps Navigator\q'>
  > # end of ParaLine
 > # end of Para
 <Para 
  <PgfTag `ReportHead'>
  <ParaLine 
   <String `iconblogaddcomment_a.png'>
  > # end of ParaLine
 > # end of Para
 <Para 
  <PgfTag `ReportHead2'>
  <ParaLine 
   <Font 
    <FTag `blue'>
    <FLocked No>
   > # end of Font
   <Marker 
    <MType 8>
    <MTypeName `Hypertext'>
    <MText `message Novdoc xref|C:\\ssfdocs\\help\\icecoresourcedoc\\icecoreuserguide\\icecorequickstart.fm|1051640'>
    <MCurrPage `1'>
   > # end of Marker
   <String `iconblogaddcomment_a.png'>
   <Font 
    <FTag `'>
    <FLocked No>
   > # end of Font
   <String ` in icecorequickstart.fm'>
  > # end of ParaLine
 > # end of Para
 <Para 
  <PgfTag `Body'>
  <ParaLine 
   <String `Width: , Indent: Inline'>
  > # end of ParaLine
 > # end of Para
 <Para 
  <PgfTag `ReportHead'>
  <ParaLine 
   <String `iconbuddylistaway_n.png'>
  > # end of ParaLine
 > # end of Para
 <Para 
  <PgfTag `ReportHead2'>
  <ParaLine 
   <Font 
    <FTag `blue'>
    <FLocked No>
   > # end of Font
   <Marker 
    <MType 8>
    <MTypeName `Hypertext'>
    <MText `message Novdoc xref|C:\\ssfdocs\\help\\icecoresourcedoc\\icecoreuserguide\\icecorequickstart.fm|1041694'>
    <MCurrPage `1'>
   > # end of Marker
   <String `iconbuddylistaway_n.png'>
   <Font 
    <FTag `'>
    <FLocked No>
   > # end of Font
   <String ` in icecorequickstart.fm'>
  > # end of ParaLine
 > # end of Para
 <Para 
  <PgfTag `Body'>
  <ParaLine 
   <String `Width: , Indent: Inline'>
  > # end of ParaLine
 > # end of Para
 <Para 
  <PgfTag `ReportHead'>
  <ParaLine 
   <String `iconbuddylistoffline_n.png'>
  > # end of ParaLine
 > # end of Para
 <Para 
  <PgfTag `ReportHead2'>
  <ParaLine 
   <Font 
    <FTag `blue'>
    <FLocked No>
   > # end of Font
   <Marker 
    <MType 8>
    <MTypeName `Hypertext'>
    <MText `message Novdoc xref|C:\\ssfdocs\\help\\icecoresourcedoc\\icecoreuserguide\\icecorequickstart.fm|1041751'>
    <MCurrPage `1'>
   > # end of Marker
   <String `iconbuddylistoffline_n.png'>
   <Font 
    <FTag `'>
    <FLocked No>
   > # end of Font
   <String ` in icecorequickstart.fm'>
  > # end of ParaLine
 > # end of Para
 <Para 
  <PgfTag `Body'>
  <ParaLine 
   <String `Width: , Indent: Inline'>
  > # end of ParaLine
 > # end of Para
 <Para 
  <PgfTag `ReportHead'>
  <ParaLine 
   <String `iconbuddylistonline_n.png'>
  > # end of ParaLine
 > # end of Para
 <Para 
  <PgfTag `ReportHead2'>
  <ParaLine 
   <Font 
    <FTag `blue'>
    <FLocked No>
   > # end of Font
   <Marker 
    <MType 8>
    <MTypeName `Hypertext'>
    <MText `message Novdoc xref|C:\\ssfdocs\\help\\icecoresourcedoc\\icecoreuserguide\\icecorequickstart.fm|1041639'>
    <MCurrPage `1'>
   > # end of Marker
   <String `iconbuddylistonline_n.png'>
   <Font 
    <FTag `'>
    <FLocked No>
   > # end of Font
   <String ` in icecorequickstart.fm'>
  > # end of ParaLine
 > # end of Para
 <Para 
  <PgfTag `Body'>
  <ParaLine 
   <String `Width: , Indent: Inline'>
  > # end of ParaLine
 > # end of Para
 <Para 
  <PgfTag `ReportHead'>
  <ParaLine 
   <String `iconbuddylistunknown_n.png'>
  > # end of ParaLine
 > # end of Para
 <Para 
  <PgfTag `ReportHead2'>
  <ParaLine 
   <Font 
    <FTag `blue'>
    <FLocked No>
   > # end of Font
   <Marker 
    <MType 8>
    <MTypeName `Hypertext'>
    <MText `message Novdoc xref|C:\\ssfdocs\\help\\icecoresourcedoc\\icecoreuserguide\\icecorequickstart.fm|1041810'>
    <MCurrPage `1'>
   > # end of Marker
   <String `iconbuddylistunknown_n.png'>
   <Font 
    <FTag `'>
    <FLocked No>
   > # end of Font
   <String ` in icecorequickstart.fm'>
  > # end of ParaLine
 > # end of Para
 <Para 
  <PgfTag `Body'>
  <ParaLine 
   <String `Width: , Indent: Inline'>
  > # end of ParaLine
 > # end of Para
 <Para 
  <PgfTag `ReportHead'>
  <ParaLine 
   <String `iconfavorite_n.png'>
  > # end of ParaLine
 > # end of Para
 <Para 
  <PgfTag `ReportHead2'>
  <ParaLine 
   <Font 
    <FTag `blue'>
    <FLocked No>
   > # end of Font
   <Marker 
    <MType 8>
    <MTypeName `Hypertext'>
    <MText `message Novdoc xref|C:\\ssfdocs\\help\\icecoresourcedoc\\icecoreuserguide\\icecorequickstart.fm|1036722'>
    <MCurrPage `1'>
   > # end of Marker
   <String `iconfavorite_n.png'>
   <Font 
    <FTag `'>
    <FLocked No>
   > # end of Font
   <String ` in icecorequickstart.fm'>
  > # end of ParaLine
 > # end of Para
 <Para 
  <PgfTag `Body'>
  <ParaLine 
   <String `Width: 17.76pt, Indent: Inline'>
  > # end of ParaLine
 > # end of Para
 <Para 
  <PgfTag `Body'>
  <ParaLine 
   <String `Description: \qDescription: Favorites icon\q'>
  > # end of ParaLine
 > # end of Para
 <Para 
  <PgfTag `ReportHead2'>
  <ParaLine 
   <Font 
    <FTag `blue'>
    <FLocked No>
   > # end of Font
   <Marker 
    <MType 8>
    <MTypeName `Hypertext'>
    <MText `message Novdoc xref|C:\\ssfdocs\\help\\icecoresourcedoc\\icecoreuserguide\\icecorequickstart.fm|1054106'>
    <MCurrPage `1'>
   > # end of Marker
   <String `iconfavorite_n.png'>
   <Font 
    <FTag `'>
    <FLocked No>
   > # end of Font
   <String ` in icecorequickstart.fm'>
  > # end of ParaLine
 > # end of Para
 <Para 
  <PgfTag `Body'>
  <ParaLine 
   <String `Width: 17.76pt, Indent: Inline'>
  > # end of ParaLine
 > # end of Para
 <Para 
  <PgfTag `Body'>
  <ParaLine 
   <String `Description: \qDescription: Favorites icon\q'>
  > # end of ParaLine
 > # end of Para
 <Para 
  <PgfTag `ReportHead2'>
  <ParaLine 
   <Font 
    <FTag `blue'>
    <FLocked No>
   > # end of Font
   <Marker 
    <MType 8>
    <MTypeName `Hypertext'>
    <MText `message Novdoc xref|C:\\ssfdocs\\help\\icecoresourcedoc\\icecoreuserguide\\icecorequickstart.fm|1054594'>
    <MCurrPage `1'>
   > # end of Marker
   <String `iconfavorite_n.png'>
   <Font 
    <FTag `'>
    <FLocked No>
   > # end of Font
   <String ` in icecorequickstart.fm'>
  > # end of ParaLine
 > # end of Para
 <Para 
  <PgfTag `Body'>
  <ParaLine 
   <String `Width: 17.76pt, Indent: Inline'>
  > # end of ParaLine
 > # end of Para
 <Para 
  <PgfTag `Body'>
  <ParaLine 
   <String `Description: \qDescription: Favorites icon\q'>
  > # end of ParaLine
 > # end of Para
 <Para 
  <PgfTag `ReportHead'>
  <ParaLine 
   <String `iconhelp_n.png'>
  > # end of ParaLine
 > # end of Para
 <Para 
  <PgfTag `ReportHead2'>
  <ParaLine 
   <Font 
    <FTag `blue'>
    <FLocked No>
   > # end of Font
   <Marker 
    <MType 8>
    <MTypeName `Hypertext'>
    <MText `message Novdoc xref|C:\\ssfdocs\\help\\icecoresourcedoc\\icecoreuserguide\\icecorequickstart.fm|1037385'>
    <MCurrPage `1'>
   > # end of Marker
   <String `iconhelp_n.png'>
   <Font 
    <FTag `'>
    <FLocked No>
   > # end of Font
   <String ` in icecorequickstart.fm'>
  > # end of ParaLine
 > # end of Para
 <Para 
  <PgfTag `Body'>
  <ParaLine 
   <String `Width: , Indent: Inline'>
  > # end of ParaLine
 > # end of Para
 <Para 
  <PgfTag `ReportHead2'>
  <ParaLine 
   <Font 
    <FTag `blue'>
    <FLocked No>
   > # end of Font
   <Marker 
    <MType 8>
    <MTypeName `Hypertext'>
    <MText `message Novdoc xref|C:\\ssfdocs\\help\\icecoresourcedoc\\icecoreuserguide\\icecorequickstart.fm|1037436'>
    <MCurrPage `1'>
   > # end of Marker
   <String `iconhelp_n.png'>
   <Font 
    <FTag `'>
    <FLocked No>
   > # end of Font
   <String ` in icecorequickstart.fm'>
  > # end of ParaLine
 > # end of Para
 <Para 
  <PgfTag `Body'>
  <ParaLine 
   <String `Width: , Indent: Inline'>
  > # end of ParaLine
 > # end of Para
 <Para 
  <PgfTag `ReportHead'>
  <ParaLine 
   <String `iconmyworkspace_n.png'>
  > # end of ParaLine
 > # end of Para
 <Para 
  <PgfTag `ReportHead2'>
  <ParaLine 
   <Font 
    <FTag `blue'>
    <FLocked No>
   > # end of Font
   <Marker 
    <MType 8>
    <MTypeName `Hypertext'>
    <MText `message Novdoc xref|C:\\ssfdocs\\help\\icecoresourcedoc\\icecoreuserguide\\icecorequickstart.fm|1036497'>
    <MCurrPage `1'>
   > # end of Marker
   <String `iconmyworkspace_n.png'>
   <Font 
    <FTag `'>
    <FLocked No>
   > # end of Font
   <String ` in icecorequickstart.fm'>
  > # end of ParaLine
 > # end of Para
 <Para 
  <PgfTag `Body'>
  <ParaLine 
   <String `Width: 15.36pt, Indent: Inline'>
  > # end of ParaLine
 > # end of Para
 <Para 
  <PgfTag `Body'>
  <ParaLine 
   <String `Description: \qDescription: My workspace icon\q'>
  > # end of ParaLine
 > # end of Para
 <Para 
  <PgfTag `ReportHead2'>
  <ParaLine 
   <Font 
    <FTag `blue'>
    <FLocked No>
   > # end of Font
   <Marker 
    <MType 8>
    <MTypeName `Hypertext'>
    <MText `message Novdoc xref|C:\\ssfdocs\\help\\icecoresourcedoc\\icecoreuserguide\\icecorequickstart.fm|1046427'>
    <MCurrPage `1'>
   > # end of Marker
   <String `iconmyworkspace_n.png'>
   <Font 
    <FTag `'>
    <FLocked No>
   > # end of Font
   <String ` in icecorequickstart.fm'>
  > # end of ParaLine
 > # end of Para
 <Para 
  <PgfTag `Body'>
  <ParaLine 
   <String `Width: 15.36pt, Indent: Inline'>
  > # end of ParaLine
 > # end of Para
 <Para 
  <PgfTag `Body'>
  <ParaLine 
   <String `Description: \qDescription: My workspace icon\q'>
  > # end of ParaLine
 > # end of Para
 <Para 
  <PgfTag `ReportHead2'>
  <ParaLine 
   <Font 
    <FTag `blue'>
    <FLocked No>
   > # end of Font
   <Marker 
    <MType 8>
    <MTypeName `Hypertext'>
    <MText `message Novdoc xref|C:\\ssfdocs\\help\\icecoresourcedoc\\icecoreuserguide\\icecorequickstart.fm|1051104'>
    <MCurrPage `1'>
   > # end of Marker
   <String `iconmyworkspace_n.png'>
   <Font 
    <FTag `'>
    <FLocked No>
   > # end of Font
   <String ` in icecorequickstart.fm'>
  > # end of ParaLine
 > # end of Para
 <Para 
  <PgfTag `Body'>
  <ParaLine 
   <String `Width: 15.36pt, Indent: Inline'>
  > # end of ParaLine
 > # end of Para
 <Para 
  <PgfTag `Body'>
  <ParaLine 
   <String `Description: \qDescription: My workspace icon\q'>
  > # end of ParaLine
 > # end of Para
 <Para 
  <PgfTag `ReportHead'>
  <ParaLine 
   <String `icontags_a.png'>
  > # end of ParaLine
 > # end of Para
 <Para 
  <PgfTag `ReportHead2'>
  <ParaLine 
   <Font 
    <FTag `blue'>
    <FLocked No>
   > # end of Font
   <Marker 
    <MType 8>
    <MTypeName `Hypertext'>
    <MText `message Novdoc xref|C:\\ssfdocs\\help\\icecoresourcedoc\\icecoreuserguide\\icecorequickstart.fm|1055143'>
    <MCurrPage `1'>
   > # end of Marker
   <String `icontags_a.png'>
   <Font 
    <FTag `'>
    <FLocked No>
   > # end of Font
   <String ` in icecorequickstart.fm'>
  > # end of ParaLine
 > # end of Para
 <Para 
  <PgfTag `Body'>
  <ParaLine 
   <String `Width: , Indent: Inline'>
  > # end of ParaLine
 > # end of Para
 <Para 
  <PgfTag `Body'>
  <ParaLine 
   <String `Description: \qDescription: Tags icon\q'>
  > # end of ParaLine
 > # end of Para
 <Para 
  <PgfTag `ReportHead2'>
  <ParaLine 
   <Font 
    <FTag `blue'>
    <FLocked No>
   > # end of Font
   <Marker 
    <MType 8>
    <MTypeName `Hypertext'>
    <MText `message Novdoc xref|C:\\ssfdocs\\help\\icecoresourcedoc\\icecoreuserguide\\icecorequickstart.fm|1055111'>
    <MCurrPage `1'>
   > # end of Marker
   <String `icontags_a.png'>
   <Font 
    <FTag `'>
    <FLocked No>
   > # end of Font
   <String ` in icecorequickstart.fm'>
  > # end of ParaLine
 > # end of Para
 <Para 
  <PgfTag `Body'>
  <ParaLine 
   <String `Width: , Indent: Inline'>
  > # end of ParaLine
 > # end of Para
 <Para 
  <PgfTag `Body'>
  <ParaLine 
   <String `Description: \qDescription: Tags icon\q'>
  > # end of ParaLine
 > # end of Para
 <Para 
  <PgfTag `ReportHead2'>
  <ParaLine 
   <Font 
    <FTag `blue'>
    <FLocked No>
   > # end of Font
   <Marker 
    <MType 8>
    <MTypeName `Hypertext'>
    <MText `message Novdoc xref|C:\\ssfdocs\\help\\icecoresourcedoc\\icecoreuserguide\\icecorequickstart.fm|1055180'>
    <MCurrPage `1'>
   > # end of Marker
   <String `icontags_a.png'>
   <Font 
    <FTag `'>
    <FLocked No>
   > # end of Font
   <String ` in icecorequickstart.fm'>
  > # end of ParaLine
 > # end of Para
 <Para 
  <PgfTag `Body'>
  <ParaLine 
   <String `Width: , Indent: Inline'>
  > # end of ParaLine
 > # end of Para
 <Para 
  <PgfTag `Body'>
  <ParaLine 
   <String `Description: \qDescription: Tags icon\q'>
  > # end of ParaLine
 > # end of Para
 <Para 
  <PgfTag `ReportHead2'>
  <ParaLine 
   <Font 
    <FTag `blue'>
    <FLocked No>
   > # end of Font
   <Marker 
    <MType 8>
    <MTypeName `Hypertext'>
    <MText `message Novdoc xref|C:\\ssfdocs\\help\\icecoresourcedoc\\icecoreuserguide\\icecorequickstart.fm|1055338'>
    <MCurrPage `1'>
   > # end of Marker
   <String `icontags_a.png'>
   <Font 
    <FTag `'>
    <FLocked No>
   > # end of Font
   <String ` in icecorequickstart.fm'>
  > # end of ParaLine
 > # end of Para
 <Para 
  <PgfTag `Body'>
  <ParaLine 
   <String `Width: , Indent: Inline'>
  > # end of ParaLine
 > # end of Para
 <Para 
  <PgfTag `Body'>
  <ParaLine 
   <String `Description: \qDescription: Tags icon\q'>
  > # end of ParaLine
 > # end of Para
 <Para 
  <PgfTag `ReportHead2'>
  <ParaLine 
   <Font 
    <FTag `blue'>
    <FLocked No>
   > # end of Font
   <Marker 
    <MType 8>
    <MTypeName `Hypertext'>
    <MText `message Novdoc xref|C:\\ssfdocs\\help\\icecoresourcedoc\\icecoreuserguide\\icecorequickstart.fm|1055397'>
    <MCurrPage `1'>
   > # end of Marker
   <String `icontags_a.png'>
   <Font 
    <FTag `'>
    <FLocked No>
   > # end of Font
   <String ` in icecorequickstart.fm'>
  > # end of ParaLine
 > # end of Para
 <Para 
  <PgfTag `Body'>
  <ParaLine 
   <String `Width: , Indent: Inline'>
  > # end of ParaLine
 > # end of Para
 <Para 
  <PgfTag `Body'>
  <ParaLine 
   <String `Description: \qDescription: Tags icon\q'>
  > # end of ParaLine
 > # end of Para
 <Para 
  <PgfTag `ReportHead'>
  <ParaLine 
   <String `iconworkspacetree_n.png'>
  > # end of ParaLine
 > # end of Para
 <Para 
  <PgfTag `ReportHead2'>
  <ParaLine 
   <Font 
    <FTag `blue'>
    <FLocked No>
   > # end of Font
   <Marker 
    <MType 8>
    <MTypeName `Hypertext'>
    <MText `message Novdoc xref|C:\\ssfdocs\\help\\icecoresourcedoc\\icecoreuserguide\\icecorequickstart.fm|1036943'>
    <MCurrPage `1'>
   > # end of Marker
   <String `iconworkspacetree_n.png'>
   <Font 
    <FTag `'>
    <FLocked No>
   > # end of Font
   <String ` in icecorequickstart.fm'>
  > # end of ParaLine
 > # end of Para
 <Para 
  <PgfTag `Body'>
  <ParaLine 
   <String `Width: , Indent: Inline'>
  > # end of ParaLine
 > # end of Para
 <Para 
  <PgfTag `Body'>
  <ParaLine 
   <String `Description: \qDescription: Workspace tree icon\q'>
  > # end of ParaLine
 > # end of Para
 <Para 
  <PgfTag `ReportHead'>
  <ParaLine 
   <String `iconworkspacetreeexpanded_n.png'>
  > # end of ParaLine
 > # end of Para
 <Para 
  <PgfTag `ReportHead2'>
  <ParaLine 
   <Font 
    <FTag `blue'>
    <FLocked No>
   > # end of Font
   <Marker 
    <MType 8>
    <MTypeName `Hypertext'>
    <MText `message Novdoc xref|C:\\ssfdocs\\help\\icecoresourcedoc\\icecoreuserguide\\icecorequickstart.fm|1037307'>
    <MCurrPage `1'>
   > # end of Marker
   <String `iconworkspacetreeexpanded_n.png'>
   <Font 
    <FTag `'>
    <FLocked No>
   > # end of Font
   <String ` in icecorequickstart.fm'>
  > # end of ParaLine
 > # end of Para
 <Para 
  <PgfTag `Body'>
  <ParaLine 
   <String `Width: , Indent: Inline'>
  > # end of ParaLine
 > # end of Para
 <Para 
  <PgfTag `Body'>
  <ParaLine 
   <String `Description: \qDescription: Workspace tree icon expanded\q'>
  > # end of ParaLine
 > # end of Para
 <Para 
  <PgfTag `ReportHead'>
  <ParaLine 
   <String `menufavorites_a.png'>
  > # end of ParaLine
 > # end of Para
 <Para 
  <PgfTag `ReportHead2'>
  <ParaLine 
   <Font 
    <FTag `blue'>
    <FLocked No>
   > # end of Font
   <Marker 
    <MType 8>
    <MTypeName `Hypertext'>
    <MText `message Novdoc xref|C:\\ssfdocs\\help\\icecoresourcedoc\\icecoreuserguide\\icecorequickstart.fm|1054469'>
    <MCurrPage `1'>
   > # end of Marker
   <String `menufavorites_a.png'>
   <Font 
    <FTag `'>
    <FLocked No>
   > # end of Font
   <String ` in icecorequickstart.fm'>
  > # end of ParaLine
 > # end of Para
 <Para 
  <PgfTag `Body'>
  <ParaLine 
   <String `Width: 39%, Indent: Current Indent'>
  > # end of ParaLine
 > # end of Para
 <Para 
  <PgfTag `ReportHead2'>
  <ParaLine 
   <Font 
    <FTag `blue'>
    <FLocked No>
   > # end of Font
   <Marker 
    <MType 8>
    <MTypeName `Hypertext'>
    <MText `message Novdoc xref|C:\\ssfdocs\\help\\icecoresourcedoc\\icecoreuserguide\\icecorequickstart.fm|1054741'>
    <MCurrPage `1'>
   > # end of Marker
   <String `menufavorites_a.png'>
   <Font 
    <FTag `'>
    <FLocked No>
   > # end of Font
   <String ` in icecorequickstart.fm'>
  > # end of ParaLine
 > # end of Para
 <Para 
  <PgfTag `Body'>
  <ParaLine 
   <String `Width: 39%, Indent: Current Indent'>
  > # end of ParaLine
 > # end of Para
 <Para 
  <PgfTag `ReportHead'>
  <ParaLine 
   <String `menutagcloud_n.png'>
  > # end of ParaLine
 > # end of Para
 <Para 
  <PgfTag `ReportHead2'>
  <ParaLine 
   <Font 
    <FTag `blue'>
    <FLocked No>
   > # end of Font
   <Marker 
    <MType 8>
    <MTypeName `Hypertext'>
    <MText `message Novdoc xref|C:\\ssfdocs\\help\\icecoresourcedoc\\icecoreuserguide\\icecorequickstart.fm|1056548'>
    <MCurrPage `1'>
   > # end of Marker
   <String `menutagcloud_n.png'>
   <Font 
    <FTag `'>
    <FLocked No>
   > # end of Font
   <String ` in icecorequickstart.fm'>
  > # end of ParaLine
 > # end of Para
 <Para 
  <PgfTag `Body'>
  <ParaLine 
   <String `Width: 35%, Indent: Current Indent'>
  > # end of ParaLine
 > # end of Para
 <Para 
  <PgfTag `ReportHead'>
  <ParaLine 
   <String `navigatorteams_a.png'>
  > # end of ParaLine
 > # end of Para
 <Para 
  <PgfTag `ReportHead2'>
  <ParaLine 
   <Font 
    <FTag `blue'>
    <FLocked No>
   > # end of Font
   <Marker 
    <MType 8>
    <MTypeName `Hypertext'>
    <MText `message Novdoc xref|C:\\ssfdocs\\help\\icecoresourcedoc\\icecoreuserguide\\icecorequickstart.fm|1052450'>
    <MCurrPage `1'>
   > # end of Marker
   <String `navigatorteams_a.png'>
   <Font 
    <FTag `'>
    <FLocked No>
   > # end of Font
   <String ` in icecorequickstart.fm'>
  > # end of ParaLine
 > # end of Para
 <Para 
  <PgfTag `Body'>
  <ParaLine 
   <String `Width: 95%, Indent: Current Indent'>
  > # end of ParaLine
 > # end of Para
 <Para 
  <PgfTag `ReportHead'>
  <ParaLine 
   <String `profileimageremovalscreen_a.png'>
  > # end of ParaLine
 > # end of Para
 <Para 
  <PgfTag `ReportHead2'>
  <ParaLine 
   <Font 
    <FTag `blue'>
    <FLocked No>
   > # end of Font
   <Marker 
    <MType 8>
    <MTypeName `Hypertext'>
    <MText `message Novdoc xref|C:\\ssfdocs\\help\\icecoresourcedoc\\icecoreuserguide\\icecorequickstart.fm|1047124'>
    <MCurrPage `1'>
   > # end of Marker
   <String `profileimageremovalscreen_a.png'>
   <Font 
    <FTag `'>
    <FLocked No>
   > # end of Font
   <String ` in icecorequickstart.fm'>
  > # end of ParaLine
 > # end of Para
 <Para 
  <PgfTag `Body'>
  <ParaLine 
   <String `Width: 78%, Indent: Current Indent'>
  > # end of ParaLine
 > # end of Para
 <Para 
  <PgfTag `ReportHead'>
  <ParaLine 
   <String `profilephotobox_a.png'>
  > # end of ParaLine
 > # end of Para
 <Para 
  <PgfTag `ReportHead2'>
  <ParaLine 
   <Font 
    <FTag `blue'>
    <FLocked No>
   > # end of Font
   <Marker 
    <MType 8>
    <MTypeName `Hypertext'>
    <MText `message Novdoc xref|C:\\ssfdocs\\help\\icecoresourcedoc\\icecoreuserguide\\icecorequickstart.fm|1046947'>
    <MCurrPage `1'>
   > # end of Marker
   <String `profilephotobox_a.png'>
   <Font 
    <FTag `'>
    <FLocked No>
   > # end of Font
   <String ` in icecorequickstart.fm'>
  > # end of ParaLine
 > # end of Para
 <Para 
  <PgfTag `Body'>
  <ParaLine 
   <String `Width: 95%, Indent: Current Indent'>
  > # end of ParaLine
 > # end of Para
 <Para 
  <PgfTag `ReportHead'>
  <ParaLine 
   <String `searchresultspage_a.png'>
  > # end of ParaLine
 > # end of Para
 <Para 
  <PgfTag `ReportHead2'>
  <ParaLine 
   <Font 
    <FTag `blue'>
    <FLocked No>
   > # end of Font
   <Marker 
    <MType 8>
    <MTypeName `Hypertext'>
    <MText `message Novdoc xref|C:\\ssfdocs\\help\\icecoresourcedoc\\icecoreuserguide\\icecorequickstart.fm|1055611'>
    <MCurrPage `1'>
   > # end of Marker
   <String `searchresultspage_a.png'>
   <Font 
    <FTag `'>
    <FLocked No>
   > # end of Font
   <String ` in icecorequickstart.fm'>
  > # end of ParaLine
 > # end of Para
 <Para 
  <PgfTag `Body'>
  <ParaLine 
   <String `Width: 100%, Indent: Current Indent'>
  > # end of ParaLine
 > # end of Para
 <Para 
  <PgfTag `ReportHead'>
  <ParaLine 
   <String `welcomeportlet_a.png'>
  > # end of ParaLine
 > # end of Para
 <Para 
  <PgfTag `ReportHead2'>
  <ParaLine 
   <Font 
    <FTag `blue'>
    <FLocked No>
   > # end of Font
   <Marker 
    <MType 8>
    <MTypeName `Hypertext'>
    <MText `message Novdoc xref|C:\\ssfdocs\\help\\icecoresourcedoc\\icecoreuserguide\\icecorequickstart.fm|1039078'>
    <MCurrPage `1'>
   > # end of Marker
   <String `welcomeportlet_a.png'>
   <Font 
    <FTag `'>
    <FLocked No>
   > # end of Font
   <String ` in icecorequickstart.fm'>
  > # end of ParaLine
 > # end of Para
 <Para 
  <PgfTag `Body'>
  <ParaLine 
   <String `Width: 100%, Indent: Current Indent'>
  > # end of ParaLine
 > # end of Para
 <Para 
  <PgfTag `Body'>
  <ParaLine 
   <String `Description: \qDescription: ICEcorps Welcome portlet\q'>
  > # end of ParaLine
 > # end of Para
 <Para 
  <PgfTag `ReportHead'>
  <ParaLine 
   <String `workspaceaddblog_a.png'>
  > # end of ParaLine
 > # end of Para
 <Para 
  <PgfTag `ReportHead2'>
  <ParaLine 
   <Font 
    <FTag `blue'>
    <FLocked No>
   > # end of Font
   <Marker 
    <MType 8>
    <MTypeName `Hypertext'>
    <MText `message Novdoc xref|C:\\ssfdocs\\help\\icecoresourcedoc\\icecoreuserguide\\icecorequickstart.fm|1051198'>
    <MCurrPage `1'>
   > # end of Marker
   <String `workspaceaddblog_a.png'>
   <Font 
    <FTag `'>
    <FLocked No>
   > # end of Font
   <String ` in icecorequickstart.fm'>
  > # end of ParaLine
 > # end of Para
 <Para 
  <PgfTag `Body'>
  <ParaLine 
   <String `Width: 95%, Indent: Current Indent'>
  > # end of ParaLine
 > # end of Para
 <Para 
  <PgfTag `ReportHead'>
  <ParaLine 
   <String `workspaceaddteammeeting_a.png'>
  > # end of ParaLine
 > # end of Para
 <Para 
  <PgfTag `ReportHead2'>
  <ParaLine 
   <Font 
    <FTag `blue'>
    <FLocked No>
   > # end of Font
   <Marker 
    <MType 8>
    <MTypeName `Hypertext'>
    <MText `message Novdoc xref|C:\\ssfdocs\\help\\icecoresourcedoc\\icecoreuserguide\\icecorequickstart.fm|1053329'>
    <MCurrPage `1'>
   > # end of Marker
   <String `workspaceaddteammeeting_a.png'>
   <Font 
    <FTag `'>
    <FLocked No>
   > # end of Font
   <String ` in icecorequickstart.fm'>
  > # end of ParaLine
 > # end of Para
 <Para 
  <PgfTag `Body'>
  <ParaLine 
   <String `Width: 95%, Indent: Current Indent'>
  > # end of ParaLine
 > # end of Para
 <Para 
  <PgfTag `ReportHead'>
  <ParaLine 
   <String `workspaceblogentryeditor_a.png'>
  > # end of ParaLine
 > # end of Para
 <Para 
  <PgfTag `ReportHead2'>
  <ParaLine 
   <Font 
    <FTag `blue'>
    <FLocked No>
   > # end of Font
   <Marker 
    <MType 8>
    <MTypeName `Hypertext'>
    <MText `message Novdoc xref|C:\\ssfdocs\\help\\icecoresourcedoc\\icecoreuserguide\\icecorequickstart.fm|1051486'>
    <MCurrPage `1'>
   > # end of Marker
   <String `workspaceblogentryeditor_a.png'>
   <Font 
    <FTag `'>
    <FLocked No>
   > # end of Font
   <String ` in icecorequickstart.fm'>
  > # end of ParaLine
 > # end of Para
 <Para 
  <PgfTag `Body'>
  <ParaLine 
   <String `Width: 95%, Indent: Current Indent'>
  > # end of ParaLine
 > # end of Para
 <Para 
  <PgfTag `ReportHead'>
  <ParaLine 
   <String `workspaceblognewentry_a.png'>
  > # end of ParaLine
 > # end of Para
 <Para 
  <PgfTag `ReportHead2'>
  <ParaLine 
   <Font 
    <FTag `blue'>
    <FLocked No>
   > # end of Font
   <Marker 
    <MType 8>
    <MTypeName `Hypertext'>
    <MText `message Novdoc xref|C:\\ssfdocs\\help\\icecoresourcedoc\\icecoreuserguide\\icecorequickstart.fm|1051442'>
    <MCurrPage `1'>
   > # end of Marker
   <String `workspaceblognewentry_a.png'>
   <Font 
    <FTag `'>
    <FLocked No>
   > # end of Font
   <String ` in icecorequickstart.fm'>
  > # end of ParaLine
 > # end of Para
 <Para 
  <PgfTag `Body'>
  <ParaLine 
   <String `Width: 95%, Indent: Current Indent'>
  > # end of ParaLine
 > # end of Para
 <Para 
  <PgfTag `ReportHead'>
  <ParaLine 
   <String `workspaceconfigureaccesscontroladdteam_a.png'>
  > # end of ParaLine
 > # end of Para
 <Para 
  <PgfTag `ReportHead2'>
  <ParaLine 
   <Font 
    <FTag `blue'>
    <FLocked No>
   > # end of Font
   <Marker 
    <MType 8>
    <MTypeName `Hypertext'>
    <MText `message Novdoc xref|C:\\ssfdocs\\help\\icecoresourcedoc\\icecoreuserguide\\icecorequickstart.fm|1052945'>
    <MCurrPage `1'>
   > # end of Marker
   <String `workspaceconfigureaccesscontroladdteam_a.png'>
   <Font 
    <FTag `'>
    <FLocked No>
   > # end of Font
   <String ` in icecorequickstart.fm'>
  > # end of ParaLine
 > # end of Para
 <Para 
  <PgfTag `Body'>
  <ParaLine 
   <String `Width: 95%, Indent: Current Indent'>
  > # end of ParaLine
 > # end of Para
 <Para 
  <PgfTag `ReportHead'>
  <ParaLine 
   <String `workspaceteamsendemail_a.png'>
  > # end of ParaLine
 > # end of Para
 <Para 
  <PgfTag `ReportHead2'>
  <ParaLine 
   <Font 
    <FTag `blue'>
    <FLocked No>
   > # end of Font
   <Marker 
    <MType 8>
    <MTypeName `Hypertext'>
    <MText `message Novdoc xref|C:\\ssfdocs\\help\\icecoresourcedoc\\icecoreuserguide\\icecorequickstart.fm|1053489'>
    <MCurrPage `1'>
   > # end of Marker
   <String `workspaceteamsendemail_a.png'>
   <Font 
    <FTag `'>
    <FLocked No>
   > # end of Font
   <String ` in icecorequickstart.fm'>
  > # end of ParaLine
 > # end of Para
 <Para 
  <PgfTag `Body'>
  <ParaLine 
   <String `Width: 95%, Indent: Current Indent'>
  > # end of ParaLine
 > # end of Para
 <Para 
  <PgfTag `ReportHead'>
  <ParaLine 
   <String `workspacetree_a.png'>
  > # end of ParaLine
 > # end of Para
 <Para 
  <PgfTag `ReportHead2'>
  <ParaLine 
   <Font 
    <FTag `blue'>
    <FLocked No>
   > # end of Font
   <Marker 
    <MType 8>
    <MTypeName `Hypertext'>
    <MText `message Novdoc xref|C:\\ssfdocs\\help\\icecoresourcedoc\\icecoreuserguide\\icecorequickstart.fm|1037129'>
    <MCurrPage `1'>
   > # end of Marker
   <String `workspacetree_a.png'>
   <Font 
    <FTag `'>
    <FLocked No>
   > # end of Font
   <String ` in icecorequickstart.fm'>
  > # end of ParaLine
 > # end of Para
 <Para 
  <PgfTag `Body'>
  <ParaLine 
   <String `Width: 20%, Indent: Current Indent'>
  > # end of ParaLine
 > # end of Para
 <Para 
  <PgfTag `Body'>
  <ParaLine 
   <String `Description: \qDescription: Workspace tree\q'>
  > # end of ParaLine
 > # end of Para
 <Para 
  <PgfTag `ReportHead'>
  <ParaLine 
   <String `workspaceviewmembers_a.png'>
  > # end of ParaLine
 > # end of Para
 <Para 
  <PgfTag `ReportHead2'>
  <ParaLine 
   <Font 
    <FTag `blue'>
    <FLocked No>
   > # end of Font
   <Marker 
    <MType 8>
    <MTypeName `Hypertext'>
    <MText `message Novdoc xref|C:\\ssfdocs\\help\\icecoresourcedoc\\icecoreuserguide\\icecorequickstart.fm|1053146'>
    <MCurrPage `1'>
   > # end of Marker
   <String `workspaceviewmembers_a.png'>
   <Font 
    <FTag `'>
    <FLocked No>
   > # end of Font
   <String ` in icecorequickstart.fm'>
  > # end of ParaLine
 > # end of Para
 <Para 
  <PgfTag `Body'>
  <ParaLine 
   <String `Width: 95%, Indent: Current Indent'>
  > # end of ParaLine
 > # end of Para
> # end of TextFlow
# End of MIFFile
